2024-04-22 18:00:16 INFO  Keywords:96 - Navigate is called
2024-04-22 18:00:23 INFO  Keywords:124 - InputText is called
2024-04-22 18:00:23 INFO  Keywords:285 - Waiting for webElement...login.username
2024-04-22 18:00:23 INFO  Keywords:289 - Element found...login.username
2024-04-22 18:00:24 INFO  Keywords:124 - InputText is called
2024-04-22 18:00:24 INFO  Keywords:285 - Waiting for webElement...login.password
2024-04-22 18:00:24 INFO  Keywords:289 - Element found...login.password
2024-04-22 18:00:24 INFO  Keywords:137 - ClickOnLink is called
2024-04-22 18:00:24 INFO  Keywords:285 - Waiting for webElement...login.loginbutton
2024-04-22 18:00:24 INFO  Keywords:289 - Element found...login.loginbutton
2024-04-22 18:00:34 INFO  Keywords:285 - Waiting for webElement...userlist.partner
2024-04-22 18:00:34 INFO  Keywords:289 - Element found...userlist.partner
2024-04-22 18:00:44 INFO  Keywords:285 - Waiting for webElement...userlist.userrole
2024-04-22 18:00:44 INFO  Keywords:289 - Element found...userlist.userrole
2024-04-22 18:00:44 INFO  Keywords:124 - InputText is called
2024-04-22 18:00:44 INFO  Keywords:285 - Waiting for webElement...userlist.loginID
2024-04-22 18:00:44 INFO  Keywords:289 - Element found...userlist.loginID
2024-04-22 18:00:44 INFO  Keywords:137 - ClickOnLink is called
2024-04-22 18:00:44 INFO  Keywords:285 - Waiting for webElement...userlist.search
2024-04-22 18:00:45 INFO  Keywords:289 - Element found...userlist.search
2024-04-22 18:00:55 INFO  Keywords:137 - ClickOnLink is called
2024-04-22 18:00:55 INFO  Keywords:285 - Waiting for webElement...userlist.selectuser
2024-04-22 18:00:55 INFO  Keywords:289 - Element found...userlist.selectuser
2024-04-22 18:00:55 INFO  Keywords:137 - ClickOnLink is called
2024-04-22 18:00:55 INFO  Keywords:285 - Waiting for webElement...userlist.login
2024-04-22 18:00:55 INFO  Keywords:289 - Element found...userlist.login
2024-04-22 18:01:08 INFO  Keywords:285 - Waiting for webElement...userinformation.initialaction
2024-04-22 18:01:08 INFO  Keywords:289 - Element found...userinformation.initialaction
2024-04-22 18:01:08 INFO  Keywords:285 - Waiting for webElement...userinformation.rawxml
2024-04-22 18:01:08 INFO  Keywords:289 - Element found...userinformation.rawxml
2024-04-22 18:01:19 INFO  Keywords:444 - switching to parent window...
2024-04-22 18:01:43 INFO  Keywords:137 - ClickOnLink is called
2024-04-22 18:01:43 INFO  Keywords:285 - Waiting for webElement...userinformation.samllogin
2024-04-22 18:01:43 INFO  Keywords:289 - Element found...userinformation.samllogin
2024-04-22 18:01:53 INFO  Keywords:285 - Waiting for webElement...carrier.Account
2024-04-22 18:01:54 INFO  Keywords:289 - Element found...carrier.Account
2024-04-22 18:02:04 INFO  Keywords:285 - Waiting for webElement...carrier.AgentName
2024-04-22 18:02:04 INFO  Keywords:289 - Element found...carrier.AgentName
2024-04-22 18:02:14 INFO  Keywords:285 - Waiting for webElement...Carrier.SolicitationState
2024-04-22 18:02:14 INFO  Keywords:289 - Element found...Carrier.SolicitationState
2024-04-22 18:02:24 INFO  Keywords:285 - Waiting for webElement...carrier.carrierName
2024-04-22 18:02:24 INFO  Keywords:289 - Element found...carrier.carrierName
2024-04-22 18:02:34 INFO  Keywords:285 - Waiting for webElement...carrier.carrierProduct
2024-04-22 18:02:34 INFO  Keywords:289 - Element found...carrier.carrierProduct
2024-04-22 18:02:45 INFO  Keywords:137 - ClickOnLink is called
2024-04-22 18:02:45 INFO  Keywords:285 - Waiting for webElement...next
2024-04-22 18:02:45 INFO  Keywords:289 - Element found...next
2024-04-22 18:02:55 INFO  Keywords:285 - Waiting for webElement...plan.accountDesignation
2024-04-22 18:02:55 INFO  Keywords:289 - Element found...plan.accountDesignation
2024-04-22 18:03:05 INFO  Keywords:285 - Waiting for webElement...plan.planType
2024-04-22 18:03:05 INFO  Keywords:289 - Element found...plan.planType
2024-04-22 18:03:15 INFO  Keywords:285 - Waiting for webElement...plan.ownerType
2024-04-22 18:03:15 INFO  Keywords:289 - Element found...plan.ownerType
2024-04-22 18:03:15 INFO  Keywords:285 - Waiting for webElement...plan.owninsuranceplan
2024-04-22 18:03:15 INFO  Keywords:289 - Element found...plan.owninsuranceplan
2024-04-22 18:03:15 INFO  Keywords:285 - Waiting for webElement...plan.does_client_consent
2024-04-22 18:03:15 INFO  Keywords:289 - Element found...plan.does_client_consent
2024-04-22 18:03:15 INFO  Keywords:137 - ClickOnLink is called
2024-04-22 18:03:15 INFO  Keywords:285 - Waiting for webElement...next
2024-04-22 18:03:15 INFO  Keywords:289 - Element found...next
2024-04-22 18:03:29 INFO  Keywords:520 - ClearText is called
2024-04-22 18:03:29 INFO  Keywords:285 - Waiting for webElement...Indowner.dateofbirth
2024-04-22 18:03:29 INFO  Keywords:289 - Element found...Indowner.dateofbirth
2024-04-22 18:03:29 INFO  Keywords:524 - 
2024-04-22 18:03:29 INFO  Keywords:124 - InputText is called
2024-04-22 18:03:29 INFO  Keywords:285 - Waiting for webElement...Indowner.dateofbirth
2024-04-22 18:03:29 INFO  Keywords:289 - Element found...Indowner.dateofbirth
2024-04-22 18:03:29 INFO  Keywords:285 - Waiting for webElement...Indowner.state
2024-04-22 18:03:29 INFO  Keywords:289 - Element found...Indowner.state
2024-04-22 18:03:29 INFO  Keywords:520 - ClearText is called
2024-04-22 18:03:29 INFO  Keywords:285 - Waiting for webElement...Indowner.postalcode
2024-04-22 18:03:29 INFO  Keywords:289 - Element found...Indowner.postalcode
2024-04-22 18:03:29 INFO  Keywords:524 - 
2024-04-22 18:03:29 INFO  Keywords:124 - InputText is called
2024-04-22 18:03:29 INFO  Keywords:285 - Waiting for webElement...Indowner.postalcode
2024-04-22 18:03:29 INFO  Keywords:289 - Element found...Indowner.postalcode
2024-04-22 18:03:30 INFO  Keywords:124 - InputText is called
2024-04-22 18:03:30 INFO  Keywords:285 - Waiting for webElement...Indowner.mobilephonenumber1
2024-04-22 18:03:30 INFO  Keywords:289 - Element found...Indowner.mobilephonenumber1
2024-04-22 18:03:30 INFO  Keywords:124 - InputText is called
2024-04-22 18:03:30 INFO  Keywords:285 - Waiting for webElement...Indowner.mobilephonenumber2
2024-04-22 18:03:30 INFO  Keywords:289 - Element found...Indowner.mobilephonenumber2
2024-04-22 18:03:30 INFO  Keywords:124 - InputText is called
2024-04-22 18:03:30 INFO  Keywords:285 - Waiting for webElement...Indowner.mobilephonenumber3
2024-04-22 18:03:30 INFO  Keywords:289 - Element found...Indowner.mobilephonenumber3
2024-04-22 18:03:30 INFO  Keywords:285 - Waiting for webElement...Indowner.Is_the_Annuitant_the_same
2024-04-22 18:03:30 INFO  Keywords:289 - Element found...Indowner.Is_the_Annuitant_the_same
2024-04-22 18:03:30 INFO  Keywords:285 - Waiting for webElement...Indowner.Is_there_Joint_Annuitant
2024-04-22 18:03:30 INFO  Keywords:289 - Element found...Indowner.Is_there_Joint_Annuitant
2024-04-22 18:03:30 INFO  Keywords:285 - Waiting for webElement...Indowner.Has_the_IRS_notified_you
2024-04-22 18:03:30 INFO  Keywords:289 - Element found...Indowner.Has_the_IRS_notified_you
2024-04-22 18:03:30 INFO  Keywords:137 - ClickOnLink is called
2024-04-22 18:03:30 INFO  Keywords:285 - Waiting for webElement...next
2024-04-22 18:03:30 INFO  Keywords:289 - Element found...next
2024-04-22 18:03:44 INFO  Keywords:124 - InputText is called
2024-04-22 18:03:44 INFO  Keywords:285 - Waiting for webElement...jointOwner.FirstName
2024-04-22 18:03:44 INFO  Keywords:289 - Element found...jointOwner.FirstName
2024-04-22 18:03:44 INFO  Keywords:124 - InputText is called
2024-04-22 18:03:44 INFO  Keywords:285 - Waiting for webElement...jointOwner.Secondname
2024-04-22 18:03:44 INFO  Keywords:289 - Element found...jointOwner.Secondname
2024-04-22 18:03:44 INFO  Keywords:285 - Waiting for webElement...jointOwner.Gender
2024-04-22 18:03:44 INFO  Keywords:289 - Element found...jointOwner.Gender
2024-04-22 18:03:44 INFO  Keywords:124 - InputText is called
2024-04-22 18:03:44 INFO  Keywords:285 - Waiting for webElement...jointOwner.DateOfBirth
2024-04-22 18:03:44 INFO  Keywords:289 - Element found...jointOwner.DateOfBirth
2024-04-22 18:03:44 INFO  Keywords:124 - InputText is called
2024-04-22 18:03:44 INFO  Keywords:285 - Waiting for webElement...jointOwner.SSN1
2024-04-22 18:03:44 INFO  Keywords:289 - Element found...jointOwner.SSN1
2024-04-22 18:03:44 INFO  Keywords:124 - InputText is called
2024-04-22 18:03:44 INFO  Keywords:285 - Waiting for webElement...jointOwner.SSN2
2024-04-22 18:03:44 INFO  Keywords:289 - Element found...jointOwner.SSN2
2024-04-22 18:03:44 INFO  Keywords:124 - InputText is called
2024-04-22 18:03:44 INFO  Keywords:285 - Waiting for webElement...jointOwner.SSN3
2024-04-22 18:03:44 INFO  Keywords:289 - Element found...jointOwner.SSN3
2024-04-22 18:03:45 INFO  Keywords:124 - InputText is called
2024-04-22 18:03:45 INFO  Keywords:285 - Waiting for webElement...jointOwner.PhysicalAddress
2024-04-22 18:03:45 INFO  Keywords:289 - Element found...jointOwner.PhysicalAddress
2024-04-22 18:03:45 INFO  Keywords:124 - InputText is called
2024-04-22 18:03:45 INFO  Keywords:285 - Waiting for webElement...jointOwner.city
2024-04-22 18:03:45 INFO  Keywords:289 - Element found...jointOwner.city
2024-04-22 18:03:45 INFO  Keywords:285 - Waiting for webElement...jointOwner.state
2024-04-22 18:03:45 INFO  Keywords:289 - Element found...jointOwner.state
2024-04-22 18:03:45 INFO  Keywords:124 - InputText is called
2024-04-22 18:03:45 INFO  Keywords:285 - Waiting for webElement...jointOwner.postalcode
2024-04-22 18:03:45 INFO  Keywords:289 - Element found...jointOwner.postalcode
2024-04-22 18:03:45 INFO  Keywords:124 - InputText is called
2024-04-22 18:03:45 INFO  Keywords:285 - Waiting for webElement...jointOwner.Mobilephonenumber1
2024-04-22 18:03:45 INFO  Keywords:289 - Element found...jointOwner.Mobilephonenumber1
2024-04-22 18:03:45 INFO  Keywords:124 - InputText is called
2024-04-22 18:03:45 INFO  Keywords:285 - Waiting for webElement...jointOwner.Mobilephonenumber2
2024-04-22 18:03:45 INFO  Keywords:289 - Element found...jointOwner.Mobilephonenumber2
2024-04-22 18:03:45 INFO  Keywords:124 - InputText is called
2024-04-22 18:03:45 INFO  Keywords:285 - Waiting for webElement...jointOwner.Mobilephonenumber3
2024-04-22 18:03:45 INFO  Keywords:289 - Element found...jointOwner.Mobilephonenumber3
2024-04-22 18:03:45 INFO  Keywords:124 - InputText is called
2024-04-22 18:03:45 INFO  Keywords:285 - Waiting for webElement...jointOwner.emailAddress
2024-04-22 18:03:45 INFO  Keywords:289 - Element found...jointOwner.emailAddress
2024-04-22 18:03:45 INFO  Keywords:285 - Waiting for webElement...jointOwner.RelationtoOwner
2024-04-22 18:03:45 INFO  Keywords:289 - Element found...jointOwner.RelationtoOwner
2024-04-22 18:03:45 INFO  Keywords:137 - ClickOnLink is called
2024-04-22 18:03:45 INFO  Keywords:285 - Waiting for webElement...next
2024-04-22 18:03:45 INFO  Keywords:289 - Element found...next
2024-04-22 18:04:00 INFO  Keywords:137 - ClickOnLink is called
2024-04-22 18:04:00 INFO  Keywords:285 - Waiting for webElement...next
2024-04-22 18:04:00 INFO  Keywords:289 - Element found...next
2024-04-22 18:04:14 INFO  Keywords:137 - ClickOnLink is called
2024-04-22 18:04:14 INFO  Keywords:285 - Waiting for webElement...next
2024-04-22 18:04:14 INFO  Keywords:289 - Element found...next
2024-04-22 18:04:29 INFO  Keywords:285 - Waiting for webElement...beneficiary.Surviving_Owner_Designation
2024-04-22 18:04:29 INFO  Keywords:289 - Element found...beneficiary.Surviving_Owner_Designation
2024-04-22 18:04:29 INFO  Keywords:285 - Waiting for webElement...benefiviary.beneficiary_Type
2024-04-22 18:04:29 INFO  Keywords:289 - Element found...benefiviary.beneficiary_Type
2024-04-22 18:04:29 INFO  Keywords:124 - InputText is called
2024-04-22 18:04:29 INFO  Keywords:285 - Waiting for webElement...beneficiary.percentage
2024-04-22 18:04:30 INFO  Keywords:289 - Element found...beneficiary.percentage
2024-04-22 18:04:30 INFO  Keywords:124 - InputText is called
2024-04-22 18:04:30 INFO  Keywords:285 - Waiting for webElement...beneficiary.entityname
2024-04-22 18:04:30 INFO  Keywords:289 - Element found...beneficiary.entityname
2024-04-22 18:04:30 INFO  Keywords:285 - Waiting for webElement...beneficiary.relationToOwner
2024-04-22 18:04:30 INFO  Keywords:289 - Element found...beneficiary.relationToOwner
2024-04-22 18:04:30 INFO  Keywords:137 - ClickOnLink is called
2024-04-22 18:04:30 INFO  Keywords:285 - Waiting for webElement...beneficiary.addBeneficiary
2024-04-22 18:04:30 INFO  Keywords:289 - Element found...beneficiary.addBeneficiary
2024-04-22 18:04:45 INFO  Keywords:285 - Waiting for webElement...beneficiary.contingentBeneficiryType
2024-04-22 18:04:46 INFO  Keywords:289 - Element found...beneficiary.contingentBeneficiryType
2024-04-22 18:04:46 INFO  Keywords:124 - InputText is called
2024-04-22 18:04:46 INFO  Keywords:285 - Waiting for webElement...beneficiary.entityname
2024-04-22 18:04:46 INFO  Keywords:289 - Element found...beneficiary.entityname
2024-04-22 18:04:46 INFO  Keywords:124 - InputText is called
2024-04-22 18:04:46 INFO  Keywords:285 - Waiting for webElement...beneficiary.contingentBenepercentage
2024-04-22 18:04:46 INFO  Keywords:289 - Element found...beneficiary.contingentBenepercentage
2024-04-22 18:04:46 INFO  Keywords:285 - Waiting for webElement...beneficiary.relationToOwner
2024-04-22 18:04:46 INFO  Keywords:289 - Element found...beneficiary.relationToOwner
2024-04-22 18:04:46 INFO  Keywords:137 - ClickOnLink is called
2024-04-22 18:04:46 INFO  Keywords:285 - Waiting for webElement...next
2024-04-22 18:04:46 INFO  Keywords:289 - Element found...next
2024-04-22 18:04:58 INFO  Keywords:285 - Waiting for webElement...payment.moneySource
2024-04-22 18:04:58 INFO  Keywords:289 - Element found...payment.moneySource
2024-04-22 18:05:09 INFO  Keywords:285 - Waiting for webElement...payment.paymentmethod
2024-04-22 18:05:09 INFO  Keywords:289 - Element found...payment.paymentmethod
2024-04-22 18:05:09 INFO  Keywords:124 - InputText is called
2024-04-22 18:05:09 INFO  Keywords:285 - Waiting for webElement...payment.amount
2024-04-22 18:05:09 INFO  Keywords:289 - Element found...payment.amount
2024-04-22 18:05:09 INFO  Keywords:285 - Waiting for webElement...payment.typeofAnnuity
2024-04-22 18:05:09 INFO  Keywords:289 - Element found...payment.typeofAnnuity
2024-04-22 18:05:09 INFO  Keywords:285 - Waiting for webElement...payment.PrimaryOwnerofthenewcontract
2024-04-22 18:05:09 INFO  Keywords:289 - Element found...payment.PrimaryOwnerofthenewcontract
2024-04-22 18:05:09 INFO  Keywords:285 - Waiting for webElement...payment.PrimaryAnnuitantofthenewcontract
2024-04-22 18:05:09 INFO  Keywords:289 - Element found...payment.PrimaryAnnuitantofthenewcontract
2024-04-22 18:05:09 INFO  Keywords:285 - Waiting for webElement...payment.JointOwnerofthenewcontract
2024-04-22 18:05:09 INFO  Keywords:289 - Element found...payment.JointOwnerofthenewcontract
2024-04-22 18:05:09 INFO  Keywords:285 - Waiting for webElement...payment.JointAnnuitantofthenewcontract
2024-04-22 18:05:09 INFO  Keywords:289 - Element found...payment.JointAnnuitantofthenewcontract
2024-04-22 18:05:09 INFO  Keywords:137 - ClickOnLink is called
2024-04-22 18:05:09 INFO  Keywords:285 - Waiting for webElement...next
2024-04-22 18:05:09 INFO  Keywords:289 - Element found...next
2024-04-22 18:05:19 INFO  Keywords:137 - ClickOnLink is called
2024-04-22 18:05:19 INFO  Keywords:285 - Waiting for webElement...proceedAnyWay
2024-04-22 18:05:19 INFO  Keywords:289 - Element found...proceedAnyWay
2024-04-22 18:05:36 INFO  Keywords:285 - Waiting for webElement...additionalInfo.payment.insuranceCompanyName
2024-04-22 18:05:36 INFO  Keywords:289 - Element found...additionalInfo.payment.insuranceCompanyName
2024-04-22 18:05:36 INFO  Keywords:124 - InputText is called
2024-04-22 18:05:36 INFO  Keywords:285 - Waiting for webElement...additionalInfo.payment.Contractnumber
2024-04-22 18:05:36 INFO  Keywords:289 - Element found...additionalInfo.payment.Contractnumber
2024-04-22 18:05:36 INFO  Keywords:124 - InputText is called
2024-04-22 18:05:36 INFO  Keywords:285 - Waiting for webElement...additionalInfo.payment.Estimatedcontractvalue
2024-04-22 18:05:36 INFO  Keywords:289 - Element found...additionalInfo.payment.Estimatedcontractvalue
2024-04-22 18:05:37 INFO  Keywords:285 - Waiting for webElement...additionalInfo.payment.Partialexchangeinformation
2024-04-22 18:05:37 INFO  Keywords:289 - Element found...additionalInfo.payment.Partialexchangeinformation
2024-04-22 18:05:37 INFO  Keywords:137 - ClickOnLink is called
2024-04-22 18:05:37 INFO  Keywords:285 - Waiting for webElement...additionalInfo.payment.search
2024-04-22 18:05:37 INFO  Keywords:289 - Element found...additionalInfo.payment.search
2024-04-22 18:05:47 INFO  Keywords:285 - Waiting for webElement...additionalInfo.payment.selectCompanyfrompopup
2024-04-22 18:05:47 INFO  Keywords:289 - Element found...additionalInfo.payment.selectCompanyfrompopup
2024-04-22 18:05:47 INFO  Keywords:137 - ClickOnLink is called
2024-04-22 18:05:47 INFO  Keywords:285 - Waiting for webElement...additionalInfo.payment.clickContinue
2024-04-22 18:05:47 INFO  Keywords:289 - Element found...additionalInfo.payment.clickContinue
2024-04-22 18:05:57 INFO  Keywords:285 - Waiting for webElement...additionalInfo.payment.Contractlocation
2024-04-22 18:05:57 INFO  Keywords:289 - Element found...additionalInfo.payment.Contractlocation
2024-04-22 18:05:57 INFO  Keywords:285 - Waiting for webElement...additionalInfo.payment.Transferproceeds
2024-04-22 18:05:57 INFO  Keywords:289 - Element found...additionalInfo.payment.Transferproceeds
2024-04-22 18:05:57 INFO  Keywords:124 - InputText is called
2024-04-22 18:05:57 INFO  Keywords:285 - Waiting for webElement...additionalInfo.payment.Estimatedsurrenderchargeamount_Full_Surrender
2024-04-22 18:05:57 INFO  Keywords:289 - Element found...additionalInfo.payment.Estimatedsurrenderchargeamount_Full_Surrender
2024-04-22 18:05:58 INFO  Keywords:124 - InputText is called
2024-04-22 18:05:58 INFO  Keywords:285 - Waiting for webElement...additionalInfo.payment.existingpolicyreplacedCause
2024-04-22 18:05:58 INFO  Keywords:289 - Element found...additionalInfo.payment.existingpolicyreplacedCause
2024-04-22 18:05:58 INFO  Keywords:124 - InputText is called
2024-04-22 18:05:58 INFO  Keywords:285 - Waiting for webElement...additionalInfo.payment.POISSN1
2024-04-22 18:05:58 INFO  Keywords:289 - Element found...additionalInfo.payment.POISSN1
2024-04-22 18:05:58 INFO  Keywords:124 - InputText is called
2024-04-22 18:05:58 INFO  Keywords:285 - Waiting for webElement...additionalInfo.payment.POISSN2
2024-04-22 18:05:58 INFO  Keywords:289 - Element found...additionalInfo.payment.POISSN2
2024-04-22 18:05:58 INFO  Keywords:124 - InputText is called
2024-04-22 18:05:58 INFO  Keywords:285 - Waiting for webElement...additionalInfo.payment.POISSN3
2024-04-22 18:05:58 INFO  Keywords:289 - Element found...additionalInfo.payment.POISSN3
2024-04-22 18:05:58 INFO  Keywords:124 - InputText is called
2024-04-22 18:05:58 INFO  Keywords:285 - Waiting for webElement...additionalInfo.payment.PAIFirstName
2024-04-22 18:05:58 INFO  Keywords:289 - Element found...additionalInfo.payment.PAIFirstName
2024-04-22 18:05:58 INFO  Keywords:124 - InputText is called
2024-04-22 18:05:58 INFO  Keywords:285 - Waiting for webElement...additionalInfo.payment.PAISecondName
2024-04-22 18:05:58 INFO  Keywords:289 - Element found...additionalInfo.payment.PAISecondName
2024-04-22 18:05:58 INFO  Keywords:124 - InputText is called
2024-04-22 18:05:58 INFO  Keywords:285 - Waiting for webElement...additionalInfo.payment.PAIDateofbirth
2024-04-22 18:05:58 INFO  Keywords:289 - Element found...additionalInfo.payment.PAIDateofbirth
2024-04-22 18:05:58 INFO  Keywords:124 - InputText is called
2024-04-22 18:05:58 INFO  Keywords:285 - Waiting for webElement...additionalInfo.payment.PAISSN1
2024-04-22 18:05:58 INFO  Keywords:289 - Element found...additionalInfo.payment.PAISSN1
2024-04-22 18:05:58 INFO  Keywords:124 - InputText is called
2024-04-22 18:05:58 INFO  Keywords:285 - Waiting for webElement...additionalInfo.payment.PAISSN2
2024-04-22 18:05:58 INFO  Keywords:289 - Element found...additionalInfo.payment.PAISSN2
2024-04-22 18:05:58 INFO  Keywords:124 - InputText is called
2024-04-22 18:05:58 INFO  Keywords:285 - Waiting for webElement...additionalInfo.payment.PAISSN3
2024-04-22 18:05:58 INFO  Keywords:289 - Element found...additionalInfo.payment.PAISSN3
2024-04-22 18:05:58 INFO  Keywords:137 - ClickOnLink is called
2024-04-22 18:05:58 INFO  Keywords:285 - Waiting for webElement...next
2024-04-22 18:05:58 INFO  Keywords:289 - Element found...next
2024-04-22 18:06:15 INFO  Keywords:285 - Waiting for webElement...paymentsuitabilityquestions.paymentsuitability
2024-04-22 18:06:15 INFO  Keywords:289 - Element found...paymentsuitabilityquestions.paymentsuitability
2024-04-22 18:06:15 INFO  Keywords:124 - InputText is called
2024-04-22 18:06:15 INFO  Keywords:285 - Waiting for webElement...paymentsuitabilityquestions.Mortality_and_Expense_Charge
2024-04-22 18:06:15 INFO  Keywords:289 - Element found...paymentsuitabilityquestions.Mortality_and_Expense_Charge
2024-04-22 18:06:15 INFO  Keywords:124 - InputText is called
2024-04-22 18:06:15 INFO  Keywords:285 - Waiting for webElement...paymentsuitabilityquestions.Guaranteed_fixed_rate
2024-04-22 18:06:15 INFO  Keywords:289 - Element found...paymentsuitabilityquestions.Guaranteed_fixed_rate
2024-04-22 18:06:15 INFO  Keywords:124 - InputText is called
2024-04-22 18:06:15 INFO  Keywords:285 - Waiting for webElement...paymentsuitabilityquestions.Charge_for_optional_riders
2024-04-22 18:06:15 INFO  Keywords:289 - Element found...paymentsuitabilityquestions.Charge_for_optional_riders
2024-04-22 18:06:15 INFO  Keywords:285 - Waiting for webElement...paymentsuitabilityquestions.Does_existing_contract_provide_living_benefits
2024-04-22 18:06:15 INFO  Keywords:289 - Element found...paymentsuitabilityquestions.Does_existing_contract_provide_living_benefits
2024-04-22 18:06:16 INFO  Keywords:124 - InputText is called
2024-04-22 18:06:16 INFO  Keywords:285 - Waiting for webElement...paymentsuitabilityquestions.Guaranteed_minimum_death_benefit
2024-04-22 18:06:16 INFO  Keywords:289 - Element found...paymentsuitabilityquestions.Guaranteed_minimum_death_benefit
2024-04-22 18:06:16 INFO  Keywords:285 - Waiting for webElement...paymentsuitabilityquestions.is_GMD_higher_Than_CV
2024-04-22 18:06:16 INFO  Keywords:289 - Element found...paymentsuitabilityquestions.is_GMD_higher_Than_CV
2024-04-22 18:06:16 INFO  Keywords:124 - InputText is called
2024-04-22 18:06:16 INFO  Keywords:285 - Waiting for webElement...paymentsuitabilityquestions.advantages_of_continuing_the_existing_contract
2024-04-22 18:06:16 INFO  Keywords:289 - Element found...paymentsuitabilityquestions.advantages_of_continuing_the_existing_contract
2024-04-22 18:06:16 INFO  Keywords:137 - ClickOnLink is called
2024-04-22 18:06:16 INFO  Keywords:285 - Waiting for webElement...next
2024-04-22 18:06:16 INFO  Keywords:289 - Element found...next
2024-04-22 18:06:34 INFO  Keywords:137 - ClickOnLink is called
2024-04-22 18:06:34 INFO  Keywords:285 - Waiting for webElement...payment.addpayment
2024-04-22 18:06:34 INFO  Keywords:289 - Element found...payment.addpayment
2024-04-22 18:06:48 INFO  Keywords:285 - Waiting for webElement...payment.moneySource
2024-04-22 18:06:48 INFO  Keywords:289 - Element found...payment.moneySource
2024-04-22 18:06:58 INFO  Keywords:285 - Waiting for webElement...payment.paymentmethod
2024-04-22 18:06:58 INFO  Keywords:289 - Element found...payment.paymentmethod
2024-04-22 18:06:58 INFO  Keywords:124 - InputText is called
2024-04-22 18:06:58 INFO  Keywords:285 - Waiting for webElement...payment.amount
2024-04-22 18:06:58 INFO  Keywords:289 - Element found...payment.amount
2024-04-22 18:06:59 INFO  Keywords:285 - Waiting for webElement...payment.replacementQ1
2024-04-22 18:06:59 INFO  Keywords:289 - Element found...payment.replacementQ1
2024-04-22 18:06:59 INFO  Keywords:285 - Waiting for webElement...payment.replacementQ2
2024-04-22 18:06:59 INFO  Keywords:289 - Element found...payment.replacementQ2
2024-04-22 18:06:59 INFO  Keywords:137 - ClickOnLink is called
2024-04-22 18:06:59 INFO  Keywords:285 - Waiting for webElement...next
2024-04-22 18:06:59 INFO  Keywords:289 - Element found...next
2024-04-22 18:07:20 INFO  Keywords:124 - InputText is called
2024-04-22 18:07:20 INFO  Keywords:285 - Waiting for webElement...additionalInfo.payment.CompanyName
2024-04-22 18:07:20 INFO  Keywords:289 - Element found...additionalInfo.payment.CompanyName
2024-04-22 18:07:20 INFO  Keywords:124 - InputText is called
2024-04-22 18:07:20 INFO  Keywords:285 - Waiting for webElement...additionalInfo.payment.Account_number
2024-04-22 18:07:20 INFO  Keywords:289 - Element found...additionalInfo.payment.Account_number
2024-04-22 18:07:21 INFO  Keywords:124 - InputText is called
2024-04-22 18:07:21 INFO  Keywords:285 - Waiting for webElement...additionalInfo.payment.Estimated_value_of_investment
2024-04-22 18:07:21 INFO  Keywords:289 - Element found...additionalInfo.payment.Estimated_value_of_investment
2024-04-22 18:07:21 INFO  Keywords:285 - Waiting for webElement...additionalInfo.payment.Partialexchangeinformation
2024-04-22 18:07:21 INFO  Keywords:289 - Element found...additionalInfo.payment.Partialexchangeinformation
2024-04-22 18:07:21 INFO  Keywords:124 - InputText is called
2024-04-22 18:07:21 INFO  Keywords:285 - Waiting for webElement...additionalInfo.payment.Financial_Address
2024-04-22 18:07:21 INFO  Keywords:289 - Element found...additionalInfo.payment.Financial_Address
2024-04-22 18:07:21 INFO  Keywords:124 - InputText is called
2024-04-22 18:07:21 INFO  Keywords:285 - Waiting for webElement...additionalInfo.payment.Financial_City
2024-04-22 18:07:21 INFO  Keywords:289 - Element found...additionalInfo.payment.Financial_City
2024-04-22 18:07:21 INFO  Keywords:285 - Waiting for webElement...additionalInfo.payment.Financial_State
2024-04-22 18:07:21 INFO  Keywords:289 - Element found...additionalInfo.payment.Financial_State
2024-04-22 18:07:21 INFO  Keywords:124 - InputText is called
2024-04-22 18:07:21 INFO  Keywords:285 - Waiting for webElement...additionalInfo.payment.Financial_PostalCode
2024-04-22 18:07:21 INFO  Keywords:289 - Element found...additionalInfo.payment.Financial_PostalCode
2024-04-22 18:07:21 INFO  Keywords:124 - InputText is called
2024-04-22 18:07:21 INFO  Keywords:285 - Waiting for webElement...additionalInfo.payment.Estimatedsurrenderchargeamount_Full_Surrender
2024-04-22 18:07:21 INFO  Keywords:289 - Element found...additionalInfo.payment.Estimatedsurrenderchargeamount_Full_Surrender
2024-04-22 18:07:21 INFO  Keywords:285 - Waiting for webElement...additionalInfo.payment.Transferproceeds
2024-04-22 18:07:21 INFO  Keywords:289 - Element found...additionalInfo.payment.Transferproceeds
2024-04-22 18:07:21 INFO  Keywords:124 - InputText is called
2024-04-22 18:07:21 INFO  Keywords:285 - Waiting for webElement...additionalInfo.payment.RepComments
2024-04-22 18:07:21 INFO  Keywords:289 - Element found...additionalInfo.payment.RepComments
2024-04-22 18:07:21 INFO  Keywords:137 - ClickOnLink is called
2024-04-22 18:07:21 INFO  Keywords:285 - Waiting for webElement...next
2024-04-22 18:07:21 INFO  Keywords:289 - Element found...next
2024-04-22 18:07:38 INFO  Keywords:285 - Waiting for webElement...paymentsuitabilityquestions.paymentsuitability
2024-04-22 18:07:38 INFO  Keywords:289 - Element found...paymentsuitabilityquestions.paymentsuitability
2024-04-22 18:07:38 INFO  Keywords:137 - ClickOnLink is called
2024-04-22 18:07:38 INFO  Keywords:285 - Waiting for webElement...next
2024-04-22 18:07:38 INFO  Keywords:289 - Element found...next
2024-04-22 18:07:57 INFO  Keywords:137 - ClickOnLink is called
2024-04-22 18:07:57 INFO  Keywords:285 - Waiting for webElement...next
2024-04-22 18:07:57 INFO  Keywords:289 - Element found...next
2024-04-22 18:08:11 INFO  Keywords:285 - Waiting for webElement...investmentprofessionalinformation.Is_this_Registered_Investment_Advisor
2024-04-22 18:08:11 INFO  Keywords:289 - Element found...investmentprofessionalinformation.Is_this_Registered_Investment_Advisor
2024-04-22 18:08:11 INFO  Keywords:285 - Waiting for webElement...investmentprofessionalinformation.Please_fully_invest_my_money
2024-04-22 18:08:11 INFO  Keywords:289 - Element found...investmentprofessionalinformation.Please_fully_invest_my_money
2024-04-22 18:08:11 INFO  Keywords:137 - ClickOnLink is called
2024-04-22 18:08:11 INFO  Keywords:285 - Waiting for webElement...next
2024-04-22 18:08:11 INFO  Keywords:289 - Element found...next
2024-04-22 18:08:27 INFO  Keywords:124 - InputText is called
2024-04-22 18:08:27 INFO  Keywords:285 - Waiting for webElement...transactionsuitability.whatisthetotalnumber
2024-04-22 18:08:27 INFO  Keywords:289 - Element found...transactionsuitability.whatisthetotalnumber
2024-04-22 18:08:27 INFO  Keywords:285 - Waiting for webElement...transactionsuitability.istheownermarried
2024-04-22 18:08:27 INFO  Keywords:289 - Element found...transactionsuitability.istheownermarried
2024-04-22 18:08:27 INFO  Keywords:285 - Waiting for webElement...transactionsuitability.istheownerretired
2024-04-22 18:08:27 INFO  Keywords:289 - Element found...transactionsuitability.istheownerretired
2024-04-22 18:08:28 INFO  Keywords:285 - Waiting for webElement...transactionsuitability.isjointOwnerMarries
2024-04-22 18:08:28 INFO  Keywords:289 - Element found...transactionsuitability.isjointOwnerMarries
2024-04-22 18:08:28 INFO  Keywords:285 - Waiting for webElement...transactionsuitability.isJointOwnerRetired
2024-04-22 18:08:28 INFO  Keywords:289 - Element found...transactionsuitability.isJointOwnerRetired
2024-04-22 18:08:28 INFO  Keywords:285 - Waiting for webElement...transactionsuitability.What_is_your_risk_tolerance
2024-04-22 18:08:28 INFO  Keywords:289 - Element found...transactionsuitability.What_is_your_risk_tolerance
2024-04-22 18:08:28 INFO  Keywords:285 - Waiting for webElement...transactionsuitability.whatisyourannualincome
2024-04-22 18:08:28 INFO  Keywords:289 - Element found...transactionsuitability.whatisyourannualincome
2024-04-22 18:08:28 INFO  Keywords:285 - Waiting for webElement...transactionsuitability.What_is_your_investment_objective
2024-04-22 18:08:28 INFO  Keywords:289 - Element found...transactionsuitability.What_is_your_investment_objective
2024-04-22 18:08:28 INFO  Keywords:285 - Waiting for webElement...transactionsuitability.Are_you_purchasing_this_contract
2024-04-22 18:08:28 INFO  Keywords:289 - Element found...transactionsuitability.Are_you_purchasing_this_contract
2024-04-22 18:08:28 INFO  Keywords:285 - Waiting for webElement...transactionsuitability.what_is_your_time_horizon
2024-04-22 18:08:28 INFO  Keywords:289 - Element found...transactionsuitability.what_is_your_time_horizon
2024-04-22 18:08:28 INFO  Keywords:285 - Waiting for webElement...transactionsuitability.whatisyourfederaltaxbracket
2024-04-22 18:08:28 INFO  Keywords:289 - Element found...transactionsuitability.whatisyourfederaltaxbracket
2024-04-22 18:08:28 INFO  Keywords:285 - Waiting for webElement...transactionsuitability.whatisyourestimatednetworth
2024-04-22 18:08:28 INFO  Keywords:289 - Element found...transactionsuitability.whatisyourestimatednetworth
2024-04-22 18:08:28 INFO  Keywords:285 - Waiting for webElement...transactionsuitability.whatareyourmonthlynondiscretionaryexpenses
2024-04-22 18:08:28 INFO  Keywords:289 - Element found...transactionsuitability.whatareyourmonthlynondiscretionaryexpenses
2024-04-22 18:08:28 INFO  Keywords:285 - Waiting for webElement...transactionsuitability.haveyoureplacedanannuitycontract
2024-04-22 18:08:28 INFO  Keywords:289 - Element found...transactionsuitability.haveyoureplacedanannuitycontract
2024-04-22 18:08:28 INFO  Keywords:285 - Waiting for webElement...transactionsuitability.willyoubepurchasingthisannuity
2024-04-22 18:08:28 INFO  Keywords:289 - Element found...transactionsuitability.willyoubepurchasingthisannuity
2024-04-22 18:08:28 INFO  Keywords:285 - Waiting for webElement...transactionsuitability.doyouintendtoapplyformeans-tested
2024-04-22 18:08:28 INFO  Keywords:289 - Element found...transactionsuitability.doyouintendtoapplyformeans-tested
2024-04-22 18:08:28 INFO  Keywords:285 - Waiting for webElement...transactionsuitability.We_have_sufficient_liquid_funds
2024-04-22 18:08:28 INFO  Keywords:289 - Element found...transactionsuitability.We_have_sufficient_liquid_funds
2024-04-22 18:08:28 INFO  Keywords:285 - Waiting for webElement...transactionsuitability.We_understand_that_withdrawals_made
2024-04-22 18:08:28 INFO  Keywords:289 - Element found...transactionsuitability.We_understand_that_withdrawals_made
2024-04-22 18:08:29 INFO  Keywords:285 - Waiting for webElement...transactionsuitability.We_understand_that_upon_election
2024-04-22 18:08:29 INFO  Keywords:289 - Element found...transactionsuitability.We_understand_that_upon_election
2024-04-22 18:08:29 INFO  Keywords:285 - Waiting for webElement...transactionsuitability.we_understand_that_this_annuity
2024-04-22 18:08:29 INFO  Keywords:289 - Element found...transactionsuitability.we_understand_that_this_annuity
2024-04-22 18:08:29 INFO  Keywords:285 - Waiting for webElement...transactionsuitability.We_understand_that_withdrawals
2024-04-22 18:08:29 INFO  Keywords:289 - Element found...transactionsuitability.We_understand_that_withdrawals
2024-04-22 18:08:29 INFO  Keywords:285 - Waiting for webElement...transactionsuitability.We_understand_that_there
2024-04-22 18:08:29 INFO  Keywords:289 - Element found...transactionsuitability.We_understand_that_there
2024-04-22 18:08:29 INFO  Keywords:285 - Waiting for webElement...transactionsuitability.We_understand_that_withdrawals_will_reduce
2024-04-22 18:08:29 INFO  Keywords:289 - Element found...transactionsuitability.We_understand_that_withdrawals_will_reduce
2024-04-22 18:08:29 INFO  Keywords:285 - Waiting for webElement...transactionsuitability.We_have_received_current
2024-04-22 18:08:29 INFO  Keywords:289 - Element found...transactionsuitability.We_have_received_current
2024-04-22 18:08:29 INFO  Keywords:285 - Waiting for webElement...transactionsuitability.We_understand_that_the_IPR
2024-04-22 18:08:29 INFO  Keywords:289 - Element found...transactionsuitability.We_understand_that_the_IPR
2024-04-22 18:08:29 INFO  Keywords:285 - Waiting for webElement...transactionsuitability.Anchor_Strategy_with_fixed
2024-04-22 18:08:29 INFO  Keywords:289 - Element found...transactionsuitability.Anchor_Strategy_with_fixed
2024-04-22 18:08:29 INFO  Keywords:285 - Waiting for webElement...transactionsuitability.Conservative_Fidelity_Wealth
2024-04-22 18:08:29 INFO  Keywords:289 - Element found...transactionsuitability.Conservative_Fidelity_Wealth
2024-04-22 18:08:29 INFO  Keywords:285 - Waiting for webElement...transactionsuitability.Conservative_mutual_fund_portfolio
2024-04-22 18:08:29 INFO  Keywords:289 - Element found...transactionsuitability.Conservative_mutual_fund_portfolio
2024-04-22 18:08:29 INFO  Keywords:285 - Waiting for webElement...transactionsuitability.Time-line_Target_Date
2024-04-22 18:08:29 INFO  Keywords:289 - Element found...transactionsuitability.Time-line_Target_Date
2024-04-22 18:08:29 INFO  Keywords:285 - Waiting for webElement...transactionsuitability.Other
2024-04-22 18:08:29 INFO  Keywords:137 - ClickOnLink is called
2024-04-22 18:08:29 INFO  Keywords:285 - Waiting for webElement...next
2024-04-22 18:08:29 INFO  Keywords:289 - Element found...next
2024-04-22 18:08:40 INFO  Keywords:124 - InputText is called
2024-04-22 18:08:40 INFO  Keywords:285 - Waiting for webElement...acq.whatisyourtotalinvestmentinannuities
2024-04-22 18:08:50 INFO  Keywords:124 - InputText is called
2024-04-22 18:08:50 INFO  Keywords:285 - Waiting for webElement...acq.whatisyourestimatedliquidnetworth
2024-04-22 18:09:00 INFO  Keywords:124 - InputText is called
2024-04-22 18:09:00 INFO  Keywords:285 - Waiting for webElement...acq.yearsinstocks
2024-04-22 18:09:13 INFO  Keywords:289 - Element found...acq.yearsinstocks
2024-04-22 18:09:13 INFO  Keywords:124 - InputText is called
2024-04-22 18:09:13 INFO  Keywords:285 - Waiting for webElement...acq.repcom1
2024-04-22 18:09:25 INFO  Keywords:289 - Element found...acq.repcom1
2024-04-22 18:09:25 INFO  Keywords:124 - InputText is called
2024-04-22 18:09:25 INFO  Keywords:285 - Waiting for webElement...acq.yearsinbonds
2024-04-22 18:09:25 INFO  Keywords:289 - Element found...acq.yearsinbonds
2024-04-22 18:09:25 INFO  Keywords:124 - InputText is called
2024-04-22 18:09:25 INFO  Keywords:285 - Waiting for webElement...acq.yearsinmutualfunds
2024-04-22 18:09:25 INFO  Keywords:289 - Element found...acq.yearsinmutualfunds
2024-04-22 18:09:25 INFO  Keywords:124 - InputText is called
2024-04-22 18:09:25 INFO  Keywords:285 - Waiting for webElement...acq.yearsinannuities
2024-04-22 18:09:25 INFO  Keywords:289 - Element found...acq.yearsinannuities
2024-04-22 18:09:25 INFO  Keywords:285 - Waiting for webElement...acq.willathirdparty
2024-04-22 18:09:25 INFO  Keywords:289 - Element found...acq.willathirdparty
2024-04-22 18:09:25 INFO  Keywords:124 - InputText is called
2024-04-22 18:09:25 INFO  Keywords:285 - Waiting for webElement...acq.repcomments
2024-04-22 18:09:25 INFO  Keywords:289 - Element found...acq.repcomments
2024-04-22 18:09:25 INFO  Keywords:507 - GetText is called
2024-04-22 18:09:25 INFO  Keywords:285 - Waiting for webElement...AN4.transactionID
2024-04-22 18:09:25 INFO  Keywords:289 - Element found...AN4.transactionID
2024-04-22 18:09:25 INFO  Keywords:560 - Edit Annuity Transaction 841753
2024-04-22 18:09:25 INFO  Keywords:561 - Transaction ID on Dated :- 2024-04-22 is - 841753
2024-04-22 18:09:26 INFO  Keywords:137 - ClickOnLink is called
2024-04-22 18:09:26 INFO  Keywords:285 - Waiting for webElement...next
2024-04-22 18:09:26 INFO  Keywords:289 - Element found...next
2024-04-22 18:09:36 INFO  Keywords:137 - ClickOnLink is called
2024-04-22 18:09:36 INFO  Keywords:285 - Waiting for webElement...Validated.submitTransaction
2024-04-22 18:09:57 INFO  Keywords:289 - Element found...Validated.submitTransaction
2024-04-22 18:11:57 INFO  Keywords:137 - ClickOnLink is called
2024-04-22 18:11:57 INFO  Keywords:285 - Waiting for webElement...save.close
2024-04-22 18:11:57 INFO  Keywords:289 - Element found...save.close
2024-04-22 18:12:11 INFO  Keywords:96 - Navigate is called
2024-04-22 18:12:11 INFO  Keywords:285 - Waiting for webElement...userlist.partner
2024-04-22 18:12:11 INFO  Keywords:289 - Element found...userlist.partner
2024-04-22 18:12:21 INFO  Keywords:285 - Waiting for webElement...userlist.userrole
2024-04-22 18:12:21 INFO  Keywords:289 - Element found...userlist.userrole
2024-04-22 18:12:22 INFO  Keywords:124 - InputText is called
2024-04-22 18:12:22 INFO  Keywords:285 - Waiting for webElement...userlist.loginID
2024-04-22 18:12:22 INFO  Keywords:289 - Element found...userlist.loginID
2024-04-22 18:12:22 INFO  Keywords:137 - ClickOnLink is called
2024-04-22 18:12:22 INFO  Keywords:285 - Waiting for webElement...userlist.search
2024-04-22 18:12:22 INFO  Keywords:289 - Element found...userlist.search
2024-04-22 18:12:32 INFO  Keywords:137 - ClickOnLink is called
2024-04-22 18:12:32 INFO  Keywords:285 - Waiting for webElement...userlist.selectuser
2024-04-22 18:12:32 INFO  Keywords:289 - Element found...userlist.selectuser
2024-04-22 18:12:32 INFO  Keywords:137 - ClickOnLink is called
2024-04-22 18:12:32 INFO  Keywords:285 - Waiting for webElement...userlist.login
2024-04-22 18:12:32 INFO  Keywords:289 - Element found...userlist.login
2024-04-22 18:12:43 INFO  Keywords:285 - Waiting for webElement...userinformation.initialaction
2024-04-22 18:12:43 INFO  Keywords:289 - Element found...userinformation.initialaction
2024-04-22 18:12:53 INFO  Keywords:137 - ClickOnLink is called
2024-04-22 18:12:53 INFO  Keywords:285 - Waiting for webElement...userinformation.login
2024-04-22 18:12:53 INFO  Keywords:289 - Element found...userinformation.login
2024-04-22 18:13:03 INFO  Keywords:124 - InputText is called
2024-04-22 18:13:03 INFO  Keywords:285 - Waiting for webElement...sob.transaction
2024-04-22 18:13:03 INFO  Keywords:289 - Element found...sob.transaction
2024-04-22 18:13:13 INFO  Keywords:137 - ClickOnLink is called
2024-04-22 18:13:13 INFO  Keywords:285 - Waiting for webElement...sob.search
2024-04-22 18:13:14 INFO  Keywords:289 - Element found...sob.search
2024-04-22 18:13:24 INFO  Keywords:137 - ClickOnLink is called
2024-04-22 18:13:24 INFO  Keywords:285 - Waiting for webElement...sob.selecttransaction
2024-04-22 18:13:24 INFO  Keywords:289 - Element found...sob.selecttransaction
2024-04-22 18:13:44 INFO  Keywords:137 - ClickOnLink is called
2024-04-22 18:13:44 INFO  Keywords:285 - Waiting for webElement...sob.decline
2024-04-22 18:13:44 INFO  Keywords:289 - Element found...sob.decline
2024-04-22 18:13:44 INFO  Keywords:137 - ClickOnLink is called
2024-04-22 18:13:44 INFO  Keywords:285 - Waiting for webElement...sob.OK_Approval_Decline
2024-04-22 18:13:44 INFO  Keywords:289 - Element found...sob.OK_Approval_Decline
2024-04-22 18:13:54 INFO  Keywords:137 - ClickOnLink is called
2024-04-22 18:13:54 INFO  Keywords:285 - Waiting for webElement...sob.search
2024-04-22 18:13:54 INFO  Keywords:289 - Element found...sob.search
2024-04-22 18:13:55 INFO  Keywords:96 - Navigate is called
2024-04-22 18:13:55 INFO  Keywords:285 - Waiting for webElement...userlist.partner
2024-04-22 18:13:55 INFO  Keywords:289 - Element found...userlist.partner
2024-04-22 18:14:05 INFO  Keywords:285 - Waiting for webElement...userlist.userrole
2024-04-22 18:14:05 INFO  Keywords:289 - Element found...userlist.userrole
2024-04-22 18:14:06 INFO  Keywords:124 - InputText is called
2024-04-22 18:14:06 INFO  Keywords:285 - Waiting for webElement...userlist.loginID
2024-04-22 18:14:06 INFO  Keywords:289 - Element found...userlist.loginID
2024-04-22 18:14:06 INFO  Keywords:137 - ClickOnLink is called
2024-04-22 18:14:06 INFO  Keywords:285 - Waiting for webElement...userlist.search
2024-04-22 18:14:06 INFO  Keywords:289 - Element found...userlist.search
2024-04-22 18:14:16 INFO  Keywords:137 - ClickOnLink is called
2024-04-22 18:14:16 INFO  Keywords:285 - Waiting for webElement...userlist.selectuser
2024-04-22 18:14:16 INFO  Keywords:289 - Element found...userlist.selectuser
2024-04-22 18:14:16 INFO  Keywords:137 - ClickOnLink is called
2024-04-22 18:14:16 INFO  Keywords:285 - Waiting for webElement...userlist.login
2024-04-22 18:14:16 INFO  Keywords:289 - Element found...userlist.login
2024-04-22 18:14:27 INFO  Keywords:285 - Waiting for webElement...userinformation.initialaction
2024-04-22 18:14:27 INFO  Keywords:289 - Element found...userinformation.initialaction
2024-04-22 18:14:37 INFO  Keywords:137 - ClickOnLink is called
2024-04-22 18:14:37 INFO  Keywords:285 - Waiting for webElement...userinformation.login
2024-04-22 18:14:37 INFO  Keywords:289 - Element found...userinformation.login
2024-04-22 18:14:47 INFO  Keywords:124 - InputText is called
2024-04-22 18:14:47 INFO  Keywords:285 - Waiting for webElement...sob.transaction
2024-04-22 18:14:47 INFO  Keywords:289 - Element found...sob.transaction
2024-04-22 18:14:57 INFO  Keywords:137 - ClickOnLink is called
2024-04-22 18:14:57 INFO  Keywords:285 - Waiting for webElement...sob.search
2024-04-22 18:14:57 INFO  Keywords:289 - Element found...sob.search
2024-04-22 18:15:08 INFO  Keywords:137 - ClickOnLink is called
2024-04-22 18:15:08 INFO  Keywords:285 - Waiting for webElement...sob.selecttransaction
2024-04-22 18:15:08 INFO  Keywords:289 - Element found...sob.selecttransaction
2024-04-22 18:15:28 INFO  Keywords:137 - ClickOnLink is called
2024-04-22 18:15:28 INFO  Keywords:285 - Waiting for webElement...sob.validate
2024-04-22 18:15:28 INFO  Keywords:289 - Element found...sob.validate
2024-04-22 18:15:48 INFO  Keywords:137 - ClickOnLink is called
2024-04-22 18:15:48 INFO  Keywords:285 - Waiting for webElement...Validated.submitTransaction
2024-04-22 18:17:51 INFO  Keywords:137 - ClickOnLink is called
2024-04-22 18:17:51 INFO  Keywords:285 - Waiting for webElement...save.close
2024-04-22 18:18:11 INFO  Keywords:96 - Navigate is called
2024-04-22 18:18:12 INFO  Keywords:285 - Waiting for webElement...userlist.partner
2024-04-22 18:18:12 INFO  Keywords:289 - Element found...userlist.partner
2024-04-22 18:18:22 INFO  Keywords:285 - Waiting for webElement...userlist.userrole
2024-04-22 18:18:22 INFO  Keywords:289 - Element found...userlist.userrole
2024-04-22 18:18:22 INFO  Keywords:124 - InputText is called
2024-04-22 18:18:22 INFO  Keywords:285 - Waiting for webElement...userlist.loginID
2024-04-22 18:18:22 INFO  Keywords:289 - Element found...userlist.loginID
2024-04-22 18:18:22 INFO  Keywords:137 - ClickOnLink is called
2024-04-22 18:18:22 INFO  Keywords:285 - Waiting for webElement...userlist.search
2024-04-22 18:18:22 INFO  Keywords:289 - Element found...userlist.search
2024-04-22 18:18:32 INFO  Keywords:137 - ClickOnLink is called
2024-04-22 18:18:32 INFO  Keywords:285 - Waiting for webElement...userlist.selectuser
2024-04-22 18:18:33 INFO  Keywords:289 - Element found...userlist.selectuser
2024-04-22 18:18:33 INFO  Keywords:137 - ClickOnLink is called
2024-04-22 18:18:33 INFO  Keywords:285 - Waiting for webElement...userlist.login
2024-04-22 18:18:33 INFO  Keywords:289 - Element found...userlist.login
2024-04-22 18:18:44 INFO  Keywords:285 - Waiting for webElement...userinformation.initialaction
2024-04-22 18:18:44 INFO  Keywords:289 - Element found...userinformation.initialaction
2024-04-22 18:18:54 INFO  Keywords:137 - ClickOnLink is called
2024-04-22 18:18:54 INFO  Keywords:285 - Waiting for webElement...userinformation.login
2024-04-22 18:18:54 INFO  Keywords:289 - Element found...userinformation.login
2024-04-22 18:19:04 INFO  Keywords:520 - ClearText is called
2024-04-22 18:19:04 INFO  Keywords:285 - Waiting for webElement...sob.transaction
2024-04-22 18:19:04 INFO  Keywords:289 - Element found...sob.transaction
2024-04-22 18:19:04 INFO  Keywords:524 - Edit Annuity Transaction 841753
2024-04-22 18:19:04 INFO  Keywords:124 - InputText is called
2024-04-22 18:19:04 INFO  Keywords:285 - Waiting for webElement...sob.transaction
2024-04-22 18:19:04 INFO  Keywords:289 - Element found...sob.transaction
2024-04-22 18:19:14 INFO  Keywords:137 - ClickOnLink is called
2024-04-22 18:19:14 INFO  Keywords:285 - Waiting for webElement...sob.search
2024-04-22 18:19:14 INFO  Keywords:289 - Element found...sob.search
2024-04-22 18:19:24 INFO  Keywords:137 - ClickOnLink is called
2024-04-22 18:19:24 INFO  Keywords:285 - Waiting for webElement...sob.selecttransaction
2024-04-22 18:19:25 INFO  Keywords:289 - Element found...sob.selecttransaction
2024-04-22 18:19:45 INFO  Keywords:137 - ClickOnLink is called
2024-04-22 18:19:45 INFO  Keywords:285 - Waiting for webElement...sob.approve
2024-04-22 18:19:45 INFO  Keywords:289 - Element found...sob.approve
2024-04-22 18:19:45 INFO  Keywords:137 - ClickOnLink is called
2024-04-22 18:19:45 INFO  Keywords:285 - Waiting for webElement...sob.OK_Approval_Decline
2024-04-22 18:19:45 INFO  Keywords:289 - Element found...sob.OK_Approval_Decline
2024-04-22 18:21:25 INFO  Keywords:137 - ClickOnLink is called
2024-04-22 18:21:25 INFO  Keywords:285 - Waiting for webElement...sob.search
2024-04-22 18:21:25 INFO  Keywords:289 - Element found...sob.search
2024-04-22 18:21:45 INFO  Keywords:137 - ClickOnLink is called
2024-04-22 18:21:45 INFO  Keywords:285 - Waiting for webElement...sob.selecttransaction
2024-04-22 18:21:45 INFO  Keywords:289 - Element found...sob.selecttransaction
2024-04-22 18:21:55 INFO  Keywords:137 - ClickOnLink is called
2024-04-22 18:21:55 INFO  Keywords:285 - Waiting for webElement...sob.approve
2024-04-22 18:21:55 INFO  Keywords:289 - Element found...sob.approve
2024-04-22 18:21:55 INFO  Keywords:137 - ClickOnLink is called
2024-04-22 18:21:55 INFO  Keywords:285 - Waiting for webElement...sob.OK_Approval_Decline
2024-04-22 18:21:55 INFO  Keywords:289 - Element found...sob.OK_Approval_Decline
2024-04-22 18:23:25 INFO  Keywords:96 - Navigate is called
2024-04-22 18:23:26 INFO  Keywords:124 - InputText is called
2024-04-22 18:23:26 INFO  Keywords:285 - Waiting for webElement...login.partnerCode
2024-04-22 18:23:26 INFO  Keywords:289 - Element found...login.partnerCode
2024-04-22 18:23:26 INFO  Keywords:520 - ClearText is called
2024-04-22 18:23:26 INFO  Keywords:285 - Waiting for webElement...login.userID
2024-04-22 18:23:26 INFO  Keywords:289 - Element found...login.userID
2024-04-22 18:23:26 INFO  Keywords:524 - Edit Annuity Transaction 841753
2024-04-22 18:23:26 INFO  Keywords:124 - InputText is called
2024-04-22 18:23:26 INFO  Keywords:285 - Waiting for webElement...login.userID
2024-04-22 18:23:26 INFO  Keywords:289 - Element found...login.userID
2024-04-22 18:23:26 INFO  Keywords:520 - ClearText is called
2024-04-22 18:23:26 INFO  Keywords:285 - Waiting for webElement...login.password1
2024-04-22 18:23:26 INFO  Keywords:289 - Element found...login.password1
2024-04-22 18:23:26 INFO  Keywords:524 - Edit Annuity Transaction 841753
2024-04-22 18:23:26 INFO  Keywords:124 - InputText is called
2024-04-22 18:23:26 INFO  Keywords:285 - Waiting for webElement...login.password1
2024-04-22 18:23:26 INFO  Keywords:289 - Element found...login.password1
2024-04-22 18:23:27 INFO  Keywords:137 - ClickOnLink is called
2024-04-22 18:23:27 INFO  Keywords:285 - Waiting for webElement...login.login1
2024-04-22 18:23:27 INFO  Keywords:289 - Element found...login.login1
2024-04-22 18:23:38 INFO  Keywords:285 - Waiting for webElement...ebixHome.management
2024-04-22 18:23:38 INFO  Keywords:289 - Element found...ebixHome.management
2024-04-22 18:23:40 INFO  Keywords:285 - Waiting for webElement...ebixHome.dashboard
2024-04-22 18:23:40 INFO  Keywords:289 - Element found...ebixHome.dashboard
2024-04-22 18:23:41 INFO  Keywords:137 - ClickOnLink is called
2024-04-22 18:23:41 INFO  Keywords:285 - Waiting for webElement...ebixHome.transactionViewer
2024-04-22 18:23:41 INFO  Keywords:289 - Element found...ebixHome.transactionViewer
2024-04-22 18:23:52 INFO  Keywords:520 - ClearText is called
2024-04-22 18:23:52 INFO  Keywords:285 - Waiting for webElement...ebix.usernameAN4
2024-04-22 18:23:52 INFO  Keywords:289 - Element found...ebix.usernameAN4
2024-04-22 18:23:52 INFO  Keywords:524 - Edit Annuity Transaction 841753
2024-04-22 18:23:52 INFO  Keywords:124 - InputText is called
2024-04-22 18:23:52 INFO  Keywords:285 - Waiting for webElement...ebix.usernameAN4
2024-04-22 18:23:52 INFO  Keywords:289 - Element found...ebix.usernameAN4
2024-04-22 18:23:52 INFO  Keywords:520 - ClearText is called
2024-04-22 18:23:52 INFO  Keywords:285 - Waiting for webElement...ebix.passwordAN4
2024-04-22 18:23:52 INFO  Keywords:289 - Element found...ebix.passwordAN4
2024-04-22 18:23:52 INFO  Keywords:524 - Edit Annuity Transaction 841753
2024-04-22 18:23:52 INFO  Keywords:124 - InputText is called
2024-04-22 18:23:52 INFO  Keywords:285 - Waiting for webElement...ebix.passwordAN4
2024-04-22 18:23:52 INFO  Keywords:289 - Element found...ebix.passwordAN4
2024-04-22 18:23:52 INFO  Keywords:137 - ClickOnLink is called
2024-04-22 18:23:52 INFO  Keywords:285 - Waiting for webElement...ebix.loginAN4
2024-04-22 18:23:52 INFO  Keywords:289 - Element found...ebix.loginAN4
2024-04-22 18:24:02 INFO  Keywords:124 - InputText is called
2024-04-22 18:24:02 INFO  Keywords:285 - Waiting for webElement...ebix.mgmtConsole.TransactionID
2024-04-22 18:24:02 INFO  Keywords:289 - Element found...ebix.mgmtConsole.TransactionID
2024-04-22 18:24:02 INFO  Keywords:520 - ClearText is called
2024-04-22 18:24:02 INFO  Keywords:285 - Waiting for webElement...ebix.submittedDate
2024-04-22 18:24:02 INFO  Keywords:289 - Element found...ebix.submittedDate
2024-04-22 18:24:02 INFO  Keywords:524 - Edit Annuity Transaction 841753
2024-04-22 18:24:02 INFO  Keywords:137 - ClickOnLink is called
2024-04-22 18:24:02 INFO  Keywords:285 - Waiting for webElement...ebix.search
2024-04-22 18:24:02 INFO  Keywords:289 - Element found...ebix.search
2024-04-22 18:24:12 INFO  Keywords:137 - ClickOnLink is called
2024-04-22 18:24:12 INFO  Keywords:285 - Waiting for webElement...ebix.searchOutPut
2024-04-22 18:24:13 INFO  Keywords:289 - Element found...ebix.searchOutPut
2024-04-22 18:24:13 INFO  Keywords:137 - ClickOnLink is called
2024-04-22 18:24:13 INFO  Keywords:285 - Waiting for webElement...ebix.workflow
2024-04-22 18:24:13 INFO  Keywords:289 - Element found...ebix.workflow
2024-04-22 18:24:28 INFO  Keywords:582 - WorkFlow Step Name on Dated :- 2024-04-22 is - System Processing (Create Dtcc Feed)
