2024-04-24 18:25:39 INFO  Keywords:92 - Navigate is called
2024-04-24 18:25:48 INFO  Keywords:120 - InputText is called
2024-04-24 18:25:48 INFO  Keywords:281 - Waiting for webElement...login.username
2024-04-24 18:25:48 INFO  Keywords:285 - Element found...login.username
2024-04-24 18:25:48 INFO  Keywords:120 - InputText is called
2024-04-24 18:25:48 INFO  Keywords:281 - Waiting for webElement...login.password
2024-04-24 18:25:48 INFO  Keywords:285 - Element found...login.password
2024-04-24 18:25:48 INFO  Keywords:133 - ClickOnLink is called
2024-04-24 18:25:48 INFO  Keywords:281 - Waiting for webElement...login.loginbutton
2024-04-24 18:25:48 INFO  Keywords:285 - Element found...login.loginbutton
2024-04-24 18:25:59 INFO  Keywords:281 - Waiting for webElement...userlist.partner
2024-04-24 18:25:59 INFO  Keywords:285 - Element found...userlist.partner
2024-04-24 18:26:09 INFO  Keywords:281 - Waiting for webElement...userlist.userrole
2024-04-24 18:26:09 INFO  Keywords:285 - Element found...userlist.userrole
2024-04-24 18:26:09 INFO  Keywords:120 - InputText is called
2024-04-24 18:26:09 INFO  Keywords:281 - Waiting for webElement...userlist.loginID
2024-04-24 18:26:09 INFO  Keywords:285 - Element found...userlist.loginID
2024-04-24 18:26:09 INFO  Keywords:133 - ClickOnLink is called
2024-04-24 18:26:09 INFO  Keywords:281 - Waiting for webElement...userlist.search
2024-04-24 18:26:09 INFO  Keywords:285 - Element found...userlist.search
2024-04-24 18:26:19 INFO  Keywords:133 - ClickOnLink is called
2024-04-24 18:26:19 INFO  Keywords:281 - Waiting for webElement...userlist.selectuser
2024-04-24 18:26:19 INFO  Keywords:285 - Element found...userlist.selectuser
2024-04-24 18:26:19 INFO  Keywords:133 - ClickOnLink is called
2024-04-24 18:26:19 INFO  Keywords:281 - Waiting for webElement...userlist.login
2024-04-24 18:26:19 INFO  Keywords:285 - Element found...userlist.login
2024-04-24 18:26:32 INFO  Keywords:281 - Waiting for webElement...userinformation.initialaction
2024-04-24 18:26:32 INFO  Keywords:285 - Element found...userinformation.initialaction
2024-04-24 18:26:32 INFO  Keywords:281 - Waiting for webElement...userinformation.rawxml
2024-04-24 18:26:32 INFO  Keywords:285 - Element found...userinformation.rawxml
2024-04-24 18:26:43 INFO  Keywords:440 - switching to parent window...
2024-04-24 18:27:08 INFO  Keywords:133 - ClickOnLink is called
2024-04-24 18:27:08 INFO  Keywords:281 - Waiting for webElement...userinformation.samllogin
2024-04-24 18:27:08 INFO  Keywords:285 - Element found...userinformation.samllogin
2024-04-24 18:27:18 INFO  Keywords:281 - Waiting for webElement...carrier.Account
2024-04-24 18:27:20 INFO  Keywords:285 - Element found...carrier.Account
2024-04-24 18:27:30 INFO  Keywords:281 - Waiting for webElement...carrier.AgentName
2024-04-24 18:27:30 INFO  Keywords:285 - Element found...carrier.AgentName
2024-04-24 18:27:40 INFO  Keywords:281 - Waiting for webElement...Carrier.SolicitationState
2024-04-24 18:27:40 INFO  Keywords:285 - Element found...Carrier.SolicitationState
2024-04-24 18:27:50 INFO  Keywords:281 - Waiting for webElement...carrier.carrierName
2024-04-24 18:27:50 INFO  Keywords:285 - Element found...carrier.carrierName
2024-04-24 18:28:00 INFO  Keywords:281 - Waiting for webElement...carrier.carrierProduct
2024-04-24 18:28:00 INFO  Keywords:285 - Element found...carrier.carrierProduct
2024-04-24 18:28:11 INFO  Keywords:133 - ClickOnLink is called
2024-04-24 18:28:11 INFO  Keywords:281 - Waiting for webElement...next
2024-04-24 18:28:11 INFO  Keywords:285 - Element found...next
2024-04-24 18:28:21 INFO  Keywords:281 - Waiting for webElement...plan.accountDesignation
2024-04-24 18:28:21 INFO  Keywords:285 - Element found...plan.accountDesignation
2024-04-24 18:28:31 INFO  Keywords:281 - Waiting for webElement...plan.planType
2024-04-24 18:28:31 INFO  Keywords:285 - Element found...plan.planType
2024-04-24 18:28:41 INFO  Keywords:281 - Waiting for webElement...plan.ownerType
2024-04-24 18:28:41 INFO  Keywords:285 - Element found...plan.ownerType
2024-04-24 18:28:41 INFO  Keywords:281 - Waiting for webElement...plan.owninsuranceplan
2024-04-24 18:28:41 INFO  Keywords:285 - Element found...plan.owninsuranceplan
2024-04-24 18:28:41 INFO  Keywords:281 - Waiting for webElement...plan.Does_client_consent_Pacific
2024-04-24 18:28:41 INFO  Keywords:285 - Element found...plan.Does_client_consent_Pacific
2024-04-24 18:28:42 INFO  Keywords:281 - Waiting for webElement...plan.Please_apply_premium_specified_allocation
2024-04-24 18:28:42 INFO  Keywords:285 - Element found...plan.Please_apply_premium_specified_allocation
2024-04-24 18:28:42 INFO  Keywords:133 - ClickOnLink is called
2024-04-24 18:28:42 INFO  Keywords:281 - Waiting for webElement...next
2024-04-24 18:28:42 INFO  Keywords:285 - Element found...next
2024-04-24 18:28:56 INFO  Keywords:120 - InputText is called
2024-04-24 18:28:56 INFO  Keywords:281 - Waiting for webElement...trustOwner.Trust_Name
2024-04-24 18:28:57 INFO  Keywords:285 - Element found...trustOwner.Trust_Name
2024-04-24 18:28:57 INFO  Keywords:120 - InputText is called
2024-04-24 18:28:57 INFO  Keywords:281 - Waiting for webElement...trustOwner.Trust_Date
2024-04-24 18:28:57 INFO  Keywords:285 - Element found...trustOwner.Trust_Date
2024-04-24 18:28:57 INFO  Keywords:120 - InputText is called
2024-04-24 18:28:57 INFO  Keywords:281 - Waiting for webElement...trustOwner.taxIdentification1
2024-04-24 18:28:57 INFO  Keywords:285 - Element found...trustOwner.taxIdentification1
2024-04-24 18:28:57 INFO  Keywords:120 - InputText is called
2024-04-24 18:28:57 INFO  Keywords:281 - Waiting for webElement...trustOwner.taxIdentification2
2024-04-24 18:28:57 INFO  Keywords:285 - Element found...trustOwner.taxIdentification2
2024-04-24 18:28:57 INFO  Keywords:281 - Waiting for webElement...trustOwner.state
2024-04-24 18:28:57 INFO  Keywords:285 - Element found...trustOwner.state
2024-04-24 18:28:57 INFO  Keywords:516 - ClearText is called
2024-04-24 18:28:57 INFO  Keywords:281 - Waiting for webElement...trustOwner.postalcode
2024-04-24 18:28:57 INFO  Keywords:285 - Element found...trustOwner.postalcode
2024-04-24 18:28:57 INFO  Keywords:520 - 
2024-04-24 18:28:57 INFO  Keywords:120 - InputText is called
2024-04-24 18:28:57 INFO  Keywords:281 - Waiting for webElement...trustOwner.postalcode
2024-04-24 18:28:57 INFO  Keywords:285 - Element found...trustOwner.postalcode
2024-04-24 18:28:57 INFO  Keywords:281 - Waiting for webElement...trustOwner.trusttaxstatus
2024-04-24 18:28:57 INFO  Keywords:285 - Element found...trustOwner.trusttaxstatus
2024-04-24 18:28:57 INFO  Keywords:281 - Waiting for webElement...trustOwner.relationToOwner
2024-04-24 18:28:57 INFO  Keywords:285 - Element found...trustOwner.relationToOwner
2024-04-24 18:28:57 INFO  Keywords:133 - ClickOnLink is called
2024-04-24 18:28:57 INFO  Keywords:281 - Waiting for webElement...next
2024-04-24 18:28:57 INFO  Keywords:285 - Element found...next
2024-04-24 18:29:13 INFO  Keywords:281 - Waiting for webElement...trustee1.Details.IsTrustee1Same
2024-04-24 18:29:13 INFO  Keywords:285 - Element found...trustee1.Details.IsTrustee1Same
2024-04-24 18:29:13 INFO  Keywords:120 - InputText is called
2024-04-24 18:29:13 INFO  Keywords:281 - Waiting for webElement...trustee1.Details.firstName
2024-04-24 18:29:13 INFO  Keywords:285 - Element found...trustee1.Details.firstName
2024-04-24 18:29:13 INFO  Keywords:120 - InputText is called
2024-04-24 18:29:13 INFO  Keywords:281 - Waiting for webElement...trustee1.Details.lastName
2024-04-24 18:29:13 INFO  Keywords:285 - Element found...trustee1.Details.lastName
2024-04-24 18:29:13 INFO  Keywords:281 - Waiting for webElement...trustee1.Details.gender
2024-04-24 18:29:13 INFO  Keywords:285 - Element found...trustee1.Details.gender
2024-04-24 18:29:13 INFO  Keywords:120 - InputText is called
2024-04-24 18:29:13 INFO  Keywords:281 - Waiting for webElement...trustee1.Details.SSN1
2024-04-24 18:29:13 INFO  Keywords:285 - Element found...trustee1.Details.SSN1
2024-04-24 18:29:13 INFO  Keywords:120 - InputText is called
2024-04-24 18:29:13 INFO  Keywords:281 - Waiting for webElement...trustee1.Details.SSN2
2024-04-24 18:29:13 INFO  Keywords:285 - Element found...trustee1.Details.SSN2
2024-04-24 18:29:13 INFO  Keywords:120 - InputText is called
2024-04-24 18:29:13 INFO  Keywords:281 - Waiting for webElement...trustee1.Details.SSN3
2024-04-24 18:29:14 INFO  Keywords:285 - Element found...trustee1.Details.SSN3
2024-04-24 18:29:14 INFO  Keywords:120 - InputText is called
2024-04-24 18:29:14 INFO  Keywords:281 - Waiting for webElement...trustee1.Details.DOB
2024-04-24 18:29:14 INFO  Keywords:285 - Element found...trustee1.Details.DOB
2024-04-24 18:29:14 INFO  Keywords:120 - InputText is called
2024-04-24 18:29:14 INFO  Keywords:281 - Waiting for webElement...trustee1.Details.physicalAdress
2024-04-24 18:29:14 INFO  Keywords:285 - Element found...trustee1.Details.physicalAdress
2024-04-24 18:29:14 INFO  Keywords:120 - InputText is called
2024-04-24 18:29:14 INFO  Keywords:281 - Waiting for webElement...trustee1.Details.city
2024-04-24 18:29:14 INFO  Keywords:285 - Element found...trustee1.Details.city
2024-04-24 18:29:14 INFO  Keywords:281 - Waiting for webElement...trustee1.Details.state
2024-04-24 18:29:14 INFO  Keywords:285 - Element found...trustee1.Details.state
2024-04-24 18:29:14 INFO  Keywords:120 - InputText is called
2024-04-24 18:29:14 INFO  Keywords:281 - Waiting for webElement...trustee1.Details.postalcode
2024-04-24 18:29:14 INFO  Keywords:285 - Element found...trustee1.Details.postalcode
2024-04-24 18:29:14 INFO  Keywords:120 - InputText is called
2024-04-24 18:29:14 INFO  Keywords:281 - Waiting for webElement...trustee1.Details.trusteeEmail
2024-04-24 18:29:14 INFO  Keywords:285 - Element found...trustee1.Details.trusteeEmail
2024-04-24 18:29:14 INFO  Keywords:120 - InputText is called
2024-04-24 18:29:14 INFO  Keywords:281 - Waiting for webElement...trustee1.Details.MobilePart1
2024-04-24 18:29:14 INFO  Keywords:285 - Element found...trustee1.Details.MobilePart1
2024-04-24 18:29:14 INFO  Keywords:120 - InputText is called
2024-04-24 18:29:14 INFO  Keywords:281 - Waiting for webElement...trustee1.Details.MobilePart2
2024-04-24 18:29:14 INFO  Keywords:285 - Element found...trustee1.Details.MobilePart2
2024-04-24 18:29:14 INFO  Keywords:120 - InputText is called
2024-04-24 18:29:14 INFO  Keywords:281 - Waiting for webElement...trustee1.Details.MobilePart3
2024-04-24 18:29:14 INFO  Keywords:285 - Element found...trustee1.Details.MobilePart3
2024-04-24 18:29:14 INFO  Keywords:133 - ClickOnLink is called
2024-04-24 18:29:14 INFO  Keywords:281 - Waiting for webElement...next
2024-04-24 18:29:14 INFO  Keywords:285 - Element found...next
2024-04-24 18:29:29 INFO  Keywords:133 - ClickOnLink is called
2024-04-24 18:29:29 INFO  Keywords:281 - Waiting for webElement...next
2024-04-24 18:29:29 INFO  Keywords:285 - Element found...next
2024-04-24 18:29:43 INFO  Keywords:281 - Waiting for webElement...contractFeatures.Guaranteed_Lifetime_Withdrawal_Benefit
2024-04-24 18:29:44 INFO  Keywords:285 - Element found...contractFeatures.Guaranteed_Lifetime_Withdrawal_Benefit
2024-04-24 18:29:44 INFO  Keywords:133 - ClickOnLink is called
2024-04-24 18:29:44 INFO  Keywords:281 - Waiting for webElement...next
2024-04-24 18:29:44 INFO  Keywords:285 - Element found...next
2024-04-24 18:29:58 INFO  Keywords:133 - ClickOnLink is called
2024-04-24 18:29:58 INFO  Keywords:281 - Waiting for webElement...next
2024-04-24 18:29:58 INFO  Keywords:285 - Element found...next
2024-04-24 18:30:17 INFO  Keywords:281 - Waiting for webElement...beneficiary.isBeneficiarySameAsOwner
2024-04-24 18:30:17 INFO  Keywords:285 - Element found...beneficiary.isBeneficiarySameAsOwner
2024-04-24 18:30:18 INFO  Keywords:120 - InputText is called
2024-04-24 18:30:18 INFO  Keywords:281 - Waiting for webElement...beneficiary.percentage1
2024-04-24 18:30:18 INFO  Keywords:285 - Element found...beneficiary.percentage1
2024-04-24 18:30:18 INFO  Keywords:120 - InputText is called
2024-04-24 18:30:18 INFO  Keywords:281 - Waiting for webElement...beneficiary.entity_name
2024-04-24 18:30:18 INFO  Keywords:285 - Element found...beneficiary.entity_name
2024-04-24 18:30:18 INFO  Keywords:281 - Waiting for webElement...beneficiary.relationtoAnnuitant
2024-04-24 18:30:18 INFO  Keywords:285 - Element found...beneficiary.relationtoAnnuitant
2024-04-24 18:30:18 INFO  Keywords:133 - ClickOnLink is called
2024-04-24 18:30:18 INFO  Keywords:281 - Waiting for webElement...beneficiary.addBeneficiary
2024-04-24 18:30:18 INFO  Keywords:285 - Element found...beneficiary.addBeneficiary
2024-04-24 18:30:24 INFO  Keywords:281 - Waiting for webElement...beneficiary2.contigentBeneficiartType
2024-04-24 18:30:24 INFO  Keywords:285 - Element found...beneficiary2.contigentBeneficiartType
2024-04-24 18:30:24 INFO  Keywords:281 - Waiting for webElement...beneficiary.isBeneficiarySameAsOwner
2024-04-24 18:30:24 INFO  Keywords:285 - Element found...beneficiary.isBeneficiarySameAsOwner
2024-04-24 18:30:24 INFO  Keywords:120 - InputText is called
2024-04-24 18:30:24 INFO  Keywords:281 - Waiting for webElement...beneficiary2.contingentBenepercentage
2024-04-24 18:31:14 INFO  Keywords:120 - InputText is called
2024-04-24 18:31:14 INFO  Keywords:281 - Waiting for webElement...beneficiary.entity_name
2024-04-24 18:31:14 INFO  Keywords:285 - Element found...beneficiary.entity_name
2024-04-24 18:31:14 INFO  Keywords:281 - Waiting for webElement...beneficiary.relationtoAnnuitant
2024-04-24 18:31:14 INFO  Keywords:285 - Element found...beneficiary.relationtoAnnuitant
2024-04-24 18:31:14 INFO  Keywords:133 - ClickOnLink is called
2024-04-24 18:31:14 INFO  Keywords:281 - Waiting for webElement...next
2024-04-24 18:31:14 INFO  Keywords:285 - Element found...next
2024-04-24 18:31:30 INFO  Keywords:281 - Waiting for webElement...payment.moneySource
2024-04-24 18:31:31 INFO  Keywords:285 - Element found...payment.moneySource
2024-04-24 18:31:41 INFO  Keywords:281 - Waiting for webElement...payment.paymentmethod
2024-04-24 18:31:41 INFO  Keywords:285 - Element found...payment.paymentmethod
2024-04-24 18:31:41 INFO  Keywords:120 - InputText is called
2024-04-24 18:31:41 INFO  Keywords:281 - Waiting for webElement...payment.amount
2024-04-24 18:31:41 INFO  Keywords:285 - Element found...payment.amount
2024-04-24 18:31:41 INFO  Keywords:281 - Waiting for webElement...payment.typeofAnnuity
2024-04-24 18:31:41 INFO  Keywords:285 - Element found...payment.typeofAnnuity
2024-04-24 18:31:41 INFO  Keywords:281 - Waiting for webElement...payment.PrimaryOwnerofthenewcontract
2024-04-24 18:31:41 INFO  Keywords:285 - Element found...payment.PrimaryOwnerofthenewcontract
2024-04-24 18:31:41 INFO  Keywords:281 - Waiting for webElement...payment.PrimaryAnnuitantofthenewcontract
2024-04-24 18:31:41 INFO  Keywords:285 - Element found...payment.PrimaryAnnuitantofthenewcontract
2024-04-24 18:31:41 INFO  Keywords:281 - Waiting for webElement...payment.JointOwnerofthenewcontract
2024-04-24 18:31:41 INFO  Keywords:285 - Element found...payment.JointOwnerofthenewcontract
2024-04-24 18:31:41 INFO  Keywords:281 - Waiting for webElement...payment.JointAnnuitantofthenewcontract
2024-04-24 18:31:41 INFO  Keywords:285 - Element found...payment.JointAnnuitantofthenewcontract
2024-04-24 18:31:41 INFO  Keywords:133 - ClickOnLink is called
2024-04-24 18:31:41 INFO  Keywords:281 - Waiting for webElement...next
2024-04-24 18:31:41 INFO  Keywords:285 - Element found...next
2024-04-24 18:31:52 INFO  Keywords:133 - ClickOnLink is called
2024-04-24 18:31:52 INFO  Keywords:281 - Waiting for webElement...proceedAnyWay
2024-04-24 18:31:52 INFO  Keywords:285 - Element found...proceedAnyWay
2024-04-24 18:32:12 INFO  Keywords:281 - Waiting for webElement...additionalInfo.payment.insuranceCompanyName
2024-04-24 18:32:12 INFO  Keywords:285 - Element found...additionalInfo.payment.insuranceCompanyName
2024-04-24 18:32:12 INFO  Keywords:120 - InputText is called
2024-04-24 18:32:12 INFO  Keywords:281 - Waiting for webElement...additionalInfo.payment.Contractnumber
2024-04-24 18:32:12 INFO  Keywords:285 - Element found...additionalInfo.payment.Contractnumber
2024-04-24 18:32:12 INFO  Keywords:120 - InputText is called
2024-04-24 18:32:12 INFO  Keywords:281 - Waiting for webElement...additionalInfo.payment.Estimatedcontractvalue
2024-04-24 18:32:12 INFO  Keywords:285 - Element found...additionalInfo.payment.Estimatedcontractvalue
2024-04-24 18:32:12 INFO  Keywords:281 - Waiting for webElement...additionalInfo.payment.Partialexchangeinformation
2024-04-24 18:32:12 INFO  Keywords:285 - Element found...additionalInfo.payment.Partialexchangeinformation
2024-04-24 18:32:13 INFO  Keywords:133 - ClickOnLink is called
2024-04-24 18:32:13 INFO  Keywords:281 - Waiting for webElement...additionalInfo.payment.search
2024-04-24 18:32:13 INFO  Keywords:285 - Element found...additionalInfo.payment.search
2024-04-24 18:32:23 INFO  Keywords:281 - Waiting for webElement...additionalInfo.payment.selectCompanyfrompopup
2024-04-24 18:32:23 INFO  Keywords:285 - Element found...additionalInfo.payment.selectCompanyfrompopup
2024-04-24 18:32:23 INFO  Keywords:133 - ClickOnLink is called
2024-04-24 18:32:23 INFO  Keywords:281 - Waiting for webElement...additionalInfo.payment.clickContinue
2024-04-24 18:32:23 INFO  Keywords:285 - Element found...additionalInfo.payment.clickContinue
2024-04-24 18:32:33 INFO  Keywords:281 - Waiting for webElement...additionalInfo.payment.Contractlocation
2024-04-24 18:32:33 INFO  Keywords:285 - Element found...additionalInfo.payment.Contractlocation
2024-04-24 18:32:33 INFO  Keywords:281 - Waiting for webElement...additionalInfo.payment.Transferproceeds
2024-04-24 18:32:33 INFO  Keywords:285 - Element found...additionalInfo.payment.Transferproceeds
2024-04-24 18:32:33 INFO  Keywords:120 - InputText is called
2024-04-24 18:32:33 INFO  Keywords:281 - Waiting for webElement...additionalInfo.payment.Estimatedsurrenderchargeamount
2024-04-24 18:32:33 INFO  Keywords:285 - Element found...additionalInfo.payment.Estimatedsurrenderchargeamount
2024-04-24 18:32:33 INFO  Keywords:120 - InputText is called
2024-04-24 18:32:33 INFO  Keywords:281 - Waiting for webElement...additionalInfo.payment.existingpolicyreplacedCause
2024-04-24 18:32:33 INFO  Keywords:285 - Element found...additionalInfo.payment.existingpolicyreplacedCause
2024-04-24 18:32:33 INFO  Keywords:133 - ClickOnLink is called
2024-04-24 18:32:33 INFO  Keywords:281 - Waiting for webElement...next
2024-04-24 18:32:33 INFO  Keywords:285 - Element found...next
2024-04-24 18:32:46 INFO  Keywords:281 - Waiting for webElement...paymentsuitabilityquestions.paymentsuitability
2024-04-24 18:32:46 INFO  Keywords:285 - Element found...paymentsuitabilityquestions.paymentsuitability
2024-04-24 18:32:46 INFO  Keywords:120 - InputText is called
2024-04-24 18:32:46 INFO  Keywords:281 - Waiting for webElement...paymentsuitabilityquestions.Mortality_and_Expense_Charge
2024-04-24 18:32:46 INFO  Keywords:285 - Element found...paymentsuitabilityquestions.Mortality_and_Expense_Charge
2024-04-24 18:32:47 INFO  Keywords:120 - InputText is called
2024-04-24 18:32:47 INFO  Keywords:281 - Waiting for webElement...paymentsuitabilityquestions.Guaranteed_fixed_rate
2024-04-24 18:32:47 INFO  Keywords:285 - Element found...paymentsuitabilityquestions.Guaranteed_fixed_rate
2024-04-24 18:32:47 INFO  Keywords:120 - InputText is called
2024-04-24 18:32:47 INFO  Keywords:281 - Waiting for webElement...paymentsuitabilityquestions.Charge_for_optional_riders
2024-04-24 18:32:47 INFO  Keywords:285 - Element found...paymentsuitabilityquestions.Charge_for_optional_riders
2024-04-24 18:32:47 INFO  Keywords:281 - Waiting for webElement...paymentsuitabilityquestions.Does_existing_contract_provide_living_benefits
2024-04-24 18:32:47 INFO  Keywords:285 - Element found...paymentsuitabilityquestions.Does_existing_contract_provide_living_benefits
2024-04-24 18:32:47 INFO  Keywords:120 - InputText is called
2024-04-24 18:32:47 INFO  Keywords:281 - Waiting for webElement...paymentsuitabilityquestions.Guaranteed_minimum_death_benefit
2024-04-24 18:32:47 INFO  Keywords:285 - Element found...paymentsuitabilityquestions.Guaranteed_minimum_death_benefit
2024-04-24 18:32:47 INFO  Keywords:281 - Waiting for webElement...paymentsuitabilityquestions.is_GMD_higher_Than_CV
2024-04-24 18:32:47 INFO  Keywords:285 - Element found...paymentsuitabilityquestions.is_GMD_higher_Than_CV
2024-04-24 18:32:47 INFO  Keywords:120 - InputText is called
2024-04-24 18:32:47 INFO  Keywords:281 - Waiting for webElement...paymentsuitabilityquestions.advantages_of_continuing_the_existing_contract
2024-04-24 18:32:47 INFO  Keywords:285 - Element found...paymentsuitabilityquestions.advantages_of_continuing_the_existing_contract
2024-04-24 18:32:47 INFO  Keywords:133 - ClickOnLink is called
2024-04-24 18:32:47 INFO  Keywords:281 - Waiting for webElement...next
2024-04-24 18:32:47 INFO  Keywords:285 - Element found...next
2024-04-24 18:33:02 INFO  Keywords:133 - ClickOnLink is called
2024-04-24 18:33:02 INFO  Keywords:281 - Waiting for webElement...payment.addpayment
2024-04-24 18:33:02 INFO  Keywords:285 - Element found...payment.addpayment
2024-04-24 18:33:14 INFO  Keywords:281 - Waiting for webElement...payment.moneySource
2024-04-24 18:33:14 INFO  Keywords:285 - Element found...payment.moneySource
2024-04-24 18:33:24 INFO  Keywords:281 - Waiting for webElement...payment.paymentmethod
2024-04-24 18:33:25 INFO  Keywords:285 - Element found...payment.paymentmethod
2024-04-24 18:33:25 INFO  Keywords:120 - InputText is called
2024-04-24 18:33:25 INFO  Keywords:281 - Waiting for webElement...payment.amount
2024-04-24 18:33:25 INFO  Keywords:285 - Element found...payment.amount
2024-04-24 18:33:25 INFO  Keywords:281 - Waiting for webElement...payment.replacementQ1
2024-04-24 18:33:25 INFO  Keywords:285 - Element found...payment.replacementQ1
2024-04-24 18:33:25 INFO  Keywords:281 - Waiting for webElement...payment.replacementQ2
2024-04-24 18:33:25 INFO  Keywords:285 - Element found...payment.replacementQ2
2024-04-24 18:33:25 INFO  Keywords:133 - ClickOnLink is called
2024-04-24 18:33:25 INFO  Keywords:281 - Waiting for webElement...next
2024-04-24 18:33:25 INFO  Keywords:285 - Element found...next
2024-04-24 18:33:41 INFO  Keywords:120 - InputText is called
2024-04-24 18:33:41 INFO  Keywords:281 - Waiting for webElement...additionalInfo.payment.CompanyName
2024-04-24 18:33:41 INFO  Keywords:285 - Element found...additionalInfo.payment.CompanyName
2024-04-24 18:33:41 INFO  Keywords:120 - InputText is called
2024-04-24 18:33:41 INFO  Keywords:281 - Waiting for webElement...additionalInfo.payment.Account_number
2024-04-24 18:33:41 INFO  Keywords:285 - Element found...additionalInfo.payment.Account_number
2024-04-24 18:33:41 INFO  Keywords:120 - InputText is called
2024-04-24 18:33:41 INFO  Keywords:281 - Waiting for webElement...additionalInfo.payment.Estimated_value_of_investment
2024-04-24 18:33:41 INFO  Keywords:285 - Element found...additionalInfo.payment.Estimated_value_of_investment
2024-04-24 18:33:41 INFO  Keywords:281 - Waiting for webElement...additionalInfo.payment.Partialexchangeinformation
2024-04-24 18:33:41 INFO  Keywords:285 - Element found...additionalInfo.payment.Partialexchangeinformation
2024-04-24 18:33:41 INFO  Keywords:281 - Waiting for webElement...additionalInfo.payment.Transferproceeds
2024-04-24 18:33:41 INFO  Keywords:285 - Element found...additionalInfo.payment.Transferproceeds
2024-04-24 18:33:41 INFO  Keywords:120 - InputText is called
2024-04-24 18:33:41 INFO  Keywords:281 - Waiting for webElement...additionalInfo.payment.Estimatedsurrenderchargeamount
2024-04-24 18:33:41 INFO  Keywords:285 - Element found...additionalInfo.payment.Estimatedsurrenderchargeamount
2024-04-24 18:33:41 INFO  Keywords:133 - ClickOnLink is called
2024-04-24 18:33:41 INFO  Keywords:281 - Waiting for webElement...next
2024-04-24 18:33:41 INFO  Keywords:285 - Element found...next
2024-04-24 18:33:54 INFO  Keywords:281 - Waiting for webElement...paymentsuitabilityquestions.paymentsuitability
2024-04-24 18:33:54 INFO  Keywords:285 - Element found...paymentsuitabilityquestions.paymentsuitability
2024-04-24 18:33:54 INFO  Keywords:133 - ClickOnLink is called
2024-04-24 18:33:54 INFO  Keywords:281 - Waiting for webElement...next
2024-04-24 18:33:54 INFO  Keywords:285 - Element found...next
2024-04-24 18:34:10 INFO  Keywords:133 - ClickOnLink is called
2024-04-24 18:34:10 INFO  Keywords:281 - Waiting for webElement...next
2024-04-24 18:34:10 INFO  Keywords:285 - Element found...next
2024-04-24 18:34:22 INFO  Keywords:281 - Waiting for webElement...Authorization.Does_client_authorize_direct_carrier
2024-04-24 18:34:22 INFO  Keywords:285 - Element found...Authorization.Does_client_authorize_direct_carrier
2024-04-24 18:34:22 INFO  Keywords:133 - ClickOnLink is called
2024-04-24 18:34:22 INFO  Keywords:281 - Waiting for webElement...next
2024-04-24 18:34:22 INFO  Keywords:285 - Element found...next
2024-04-24 18:34:35 INFO  Keywords:281 - Waiting for webElement...IPI.Registered_Investment_Advisor
2024-04-24 18:34:45 INFO  Keywords:133 - ClickOnLink is called
2024-04-24 18:34:45 INFO  Keywords:281 - Waiting for webElement...next
2024-04-24 18:34:45 INFO  Keywords:285 - Element found...next
2024-04-24 18:34:55 INFO  Keywords:281 - Waiting for webElement...transactionsuitability.What_is_your_risk_tolerance
2024-04-24 18:34:56 INFO  Keywords:285 - Element found...transactionsuitability.What_is_your_risk_tolerance
2024-04-24 18:34:56 INFO  Keywords:281 - Waiting for webElement...transactionsuitability.doyouhaveanemergencyfund
2024-04-24 18:34:56 INFO  Keywords:285 - Element found...transactionsuitability.doyouhaveanemergencyfund
2024-04-24 18:34:56 INFO  Keywords:281 - Waiting for webElement...transactionsuitability.whatisyourannualincome
2024-04-24 18:34:56 INFO  Keywords:285 - Element found...transactionsuitability.whatisyourannualincome
2024-04-24 18:34:56 INFO  Keywords:281 - Waiting for webElement...transactionsuitability.What_is_your_investment_objective1
2024-04-24 18:34:56 INFO  Keywords:285 - Element found...transactionsuitability.What_is_your_investment_objective1
2024-04-24 18:34:56 INFO  Keywords:281 - Waiting for webElement...transactionsuitability.Areyoupurchasingthiscontract
2024-04-24 18:34:56 INFO  Keywords:285 - Element found...transactionsuitability.Areyoupurchasingthiscontract
2024-04-24 18:34:56 INFO  Keywords:281 - Waiting for webElement...transactionsuitability.What_your_time_horizon_investment
2024-04-24 18:34:56 INFO  Keywords:285 - Element found...transactionsuitability.What_your_time_horizon_investment
2024-04-24 18:34:56 INFO  Keywords:281 - Waiting for webElement...transactionsuitability.whatisyourfederaltaxbracket
2024-04-24 18:34:56 INFO  Keywords:285 - Element found...transactionsuitability.whatisyourfederaltaxbracket
2024-04-24 18:34:56 INFO  Keywords:281 - Waiting for webElement...transactionsuitability.whatisyourestimatednetworth
2024-04-24 18:34:56 INFO  Keywords:285 - Element found...transactionsuitability.whatisyourestimatednetworth
2024-04-24 18:34:56 INFO  Keywords:281 - Waiting for webElement...transactionsuitability.whatareyourmonthlynondiscretionaryexpenses
2024-04-24 18:34:56 INFO  Keywords:285 - Element found...transactionsuitability.whatareyourmonthlynondiscretionaryexpenses
2024-04-24 18:34:57 INFO  Keywords:281 - Waiting for webElement...transactionsuitability.haveyoureplacedanannuitycontract
2024-04-24 18:34:57 INFO  Keywords:285 - Element found...transactionsuitability.haveyoureplacedanannuitycontract
2024-04-24 18:34:57 INFO  Keywords:281 - Waiting for webElement...transactionsuitability.Have_you_received_current_prospectus
2024-04-24 18:34:57 INFO  Keywords:285 - Element found...transactionsuitability.Have_you_received_current_prospectus
2024-04-24 18:34:57 INFO  Keywords:281 - Waiting for webElement...transactionsuitability.willyoubepurchasingthisannuity
2024-04-24 18:34:57 INFO  Keywords:285 - Element found...transactionsuitability.willyoubepurchasingthisannuity
2024-04-24 18:34:57 INFO  Keywords:281 - Waiting for webElement...transactionsuitability.doyouintendtoapplyformeans-tested
2024-04-24 18:34:57 INFO  Keywords:285 - Element found...transactionsuitability.doyouintendtoapplyformeans-tested
2024-04-24 18:34:57 INFO  Keywords:281 - Waiting for webElement...transactionsuitability.We_have_sufficient_liquid_funds
2024-04-24 18:34:57 INFO  Keywords:285 - Element found...transactionsuitability.We_have_sufficient_liquid_funds
2024-04-24 18:34:57 INFO  Keywords:281 - Waiting for webElement...transactionsuitability.We_understand_that_only_value_accessible
2024-04-24 18:34:57 INFO  Keywords:285 - Element found...transactionsuitability.We_understand_that_only_value_accessible
2024-04-24 18:34:57 INFO  Keywords:281 - Waiting for webElement...transactionsuitability.We_understand_that_this_annuity_does_not_provide
2024-04-24 18:34:57 INFO  Keywords:285 - Element found...transactionsuitability.We_understand_that_this_annuity_does_not_provide
2024-04-24 18:34:57 INFO  Keywords:281 - Waiting for webElement...transactionsuitability.We_understand_that_there_is_one_investment_option
2024-04-24 18:34:57 INFO  Keywords:285 - Element found...transactionsuitability.We_understand_that_there_is_one_investment_option
2024-04-24 18:34:57 INFO  Keywords:281 - Waiting for webElement...transactionsuitability.We_understand_that_during_first_5_contract_years
2024-04-24 18:34:57 INFO  Keywords:285 - Element found...transactionsuitability.We_understand_that_during_first_5_contract_years
2024-04-24 18:34:57 INFO  Keywords:281 - Waiting for webElement...transactionsuitability.We_understand_that_early_withdrawals
2024-04-24 18:34:57 INFO  Keywords:285 - Element found...transactionsuitability.We_understand_that_early_withdrawals
2024-04-24 18:34:57 INFO  Keywords:281 - Waiting for webElement...transactionsuitability.We_understand_that_annuity_charges
2024-04-24 18:34:57 INFO  Keywords:285 - Element found...transactionsuitability.We_understand_that_annuity_charges
2024-04-24 18:34:57 INFO  Keywords:281 - Waiting for webElement...transactionsuitability.We_understand_that_policy_charges
2024-04-24 18:34:57 INFO  Keywords:285 - Element found...transactionsuitability.We_understand_that_policy_charges
2024-04-24 18:34:57 INFO  Keywords:281 - Waiting for webElement...transactionsuitability.deferred_income_annuities
2024-04-24 18:34:57 INFO  Keywords:285 - Element found...transactionsuitability.deferred_income_annuities
2024-04-24 18:34:57 INFO  Keywords:281 - Waiting for webElement...transactionsuitability.Systematic_withdrawal_plan
2024-04-24 18:34:57 INFO  Keywords:285 - Element found...transactionsuitability.Systematic_withdrawal_plan
2024-04-24 18:34:57 INFO  Keywords:281 - Waiting for webElement...transactionsuitability.Systematic_withdrawal_plan_from_Fidelity_Wealth_Services
2024-04-24 18:34:57 INFO  Keywords:285 - Element found...transactionsuitability.Systematic_withdrawal_plan_from_Fidelity_Wealth_Services
2024-04-24 18:34:57 INFO  Keywords:281 - Waiting for webElement...transactionsuitability.others
2024-04-24 18:34:58 INFO  Keywords:285 - Element found...transactionsuitability.others
2024-04-24 18:34:58 INFO  Keywords:133 - ClickOnLink is called
2024-04-24 18:34:58 INFO  Keywords:281 - Waiting for webElement...next
2024-04-24 18:34:58 INFO  Keywords:285 - Element found...next
2024-04-24 18:35:18 INFO  Keywords:120 - InputText is called
2024-04-24 18:35:18 INFO  Keywords:281 - Waiting for webElement...acq.whatisyourtotalinvestmentinannuities
2024-04-24 18:35:18 INFO  Keywords:285 - Element found...acq.whatisyourtotalinvestmentinannuities
2024-04-24 18:35:18 INFO  Keywords:120 - InputText is called
2024-04-24 18:35:18 INFO  Keywords:281 - Waiting for webElement...acq.whatisyourestimatedliquidnetworth
2024-04-24 18:35:18 INFO  Keywords:285 - Element found...acq.whatisyourestimatedliquidnetworth
2024-04-24 18:35:18 INFO  Keywords:120 - InputText is called
2024-04-24 18:35:18 INFO  Keywords:281 - Waiting for webElement...acq.yearsinstocks
2024-04-24 18:35:18 INFO  Keywords:285 - Element found...acq.yearsinstocks
2024-04-24 18:35:19 INFO  Keywords:120 - InputText is called
2024-04-24 18:35:19 INFO  Keywords:281 - Waiting for webElement...acq.repcom1
2024-04-24 18:35:19 INFO  Keywords:285 - Element found...acq.repcom1
2024-04-24 18:35:19 INFO  Keywords:120 - InputText is called
2024-04-24 18:35:19 INFO  Keywords:281 - Waiting for webElement...acq.yearsinbonds
2024-04-24 18:35:19 INFO  Keywords:285 - Element found...acq.yearsinbonds
2024-04-24 18:35:19 INFO  Keywords:120 - InputText is called
2024-04-24 18:35:19 INFO  Keywords:281 - Waiting for webElement...acq.yearsinmutualfunds
2024-04-24 18:35:19 INFO  Keywords:285 - Element found...acq.yearsinmutualfunds
2024-04-24 18:35:19 INFO  Keywords:120 - InputText is called
2024-04-24 18:35:19 INFO  Keywords:281 - Waiting for webElement...acq.yearsinannuities
2024-04-24 18:35:19 INFO  Keywords:285 - Element found...acq.yearsinannuities
2024-04-24 18:35:19 INFO  Keywords:120 - InputText is called
2024-04-24 18:35:19 INFO  Keywords:281 - Waiting for webElement...acq.repcomments
2024-04-24 18:35:19 INFO  Keywords:285 - Element found...acq.repcomments
2024-04-24 18:35:19 INFO  Keywords:120 - InputText is called
2024-04-24 18:35:19 INFO  Keywords:281 - Waiting for webElement...acq.repcomments
2024-04-24 18:35:19 INFO  Keywords:285 - Element found...acq.repcomments
2024-04-24 18:35:19 INFO  Keywords:120 - InputText is called
2024-04-24 18:35:19 INFO  Keywords:281 - Waiting for webElement...acq.Will_third_party
2024-04-24 18:35:19 INFO  Keywords:285 - Element found...acq.Will_third_party
2024-04-24 18:35:19 INFO  Keywords:503 - GetText is called
2024-04-24 18:35:19 INFO  Keywords:281 - Waiting for webElement...AN4.transactionID
2024-04-24 18:35:19 INFO  Keywords:285 - Element found...AN4.transactionID
2024-04-24 18:35:19 INFO  Keywords:556 - Edit Annuity Transaction 842344
2024-04-24 18:35:19 INFO  Keywords:557 - Transaction ID on Dated :- 2024-04-24 is - 842344
2024-04-24 18:35:21 INFO  Keywords:133 - ClickOnLink is called
2024-04-24 18:35:21 INFO  Keywords:281 - Waiting for webElement...next
2024-04-24 18:35:21 INFO  Keywords:285 - Element found...next
2024-04-24 18:35:31 INFO  Keywords:133 - ClickOnLink is called
2024-04-24 18:35:31 INFO  Keywords:281 - Waiting for webElement...Validated.submitTransaction
2024-04-24 18:38:06 INFO  Keywords:133 - ClickOnLink is called
2024-04-24 18:38:06 INFO  Keywords:281 - Waiting for webElement...save.close
2024-04-24 18:38:06 INFO  Keywords:285 - Element found...save.close
2024-04-24 18:38:20 INFO  Keywords:92 - Navigate is called
2024-04-24 18:38:20 INFO  Keywords:281 - Waiting for webElement...userlist.partner
2024-04-24 18:38:20 INFO  Keywords:285 - Element found...userlist.partner
2024-04-24 18:38:30 INFO  Keywords:281 - Waiting for webElement...userlist.userrole
2024-04-24 18:38:30 INFO  Keywords:285 - Element found...userlist.userrole
2024-04-24 18:38:30 INFO  Keywords:120 - InputText is called
2024-04-24 18:38:30 INFO  Keywords:281 - Waiting for webElement...userlist.loginID
2024-04-24 18:38:30 INFO  Keywords:285 - Element found...userlist.loginID
2024-04-24 18:38:30 INFO  Keywords:133 - ClickOnLink is called
2024-04-24 18:38:30 INFO  Keywords:281 - Waiting for webElement...userlist.search
2024-04-24 18:38:30 INFO  Keywords:285 - Element found...userlist.search
2024-04-24 18:38:41 INFO  Keywords:133 - ClickOnLink is called
2024-04-24 18:38:41 INFO  Keywords:281 - Waiting for webElement...userlist.selectuser
2024-04-24 18:38:41 INFO  Keywords:285 - Element found...userlist.selectuser
2024-04-24 18:38:41 INFO  Keywords:133 - ClickOnLink is called
2024-04-24 18:38:41 INFO  Keywords:281 - Waiting for webElement...userlist.login
2024-04-24 18:38:41 INFO  Keywords:285 - Element found...userlist.login
2024-04-24 18:38:52 INFO  Keywords:281 - Waiting for webElement...userinformation.initialaction
2024-04-24 18:38:52 INFO  Keywords:285 - Element found...userinformation.initialaction
2024-04-24 18:39:02 INFO  Keywords:133 - ClickOnLink is called
2024-04-24 18:39:02 INFO  Keywords:281 - Waiting for webElement...userinformation.login
2024-04-24 18:39:02 INFO  Keywords:285 - Element found...userinformation.login
2024-04-24 18:39:12 INFO  Keywords:120 - InputText is called
2024-04-24 18:39:12 INFO  Keywords:281 - Waiting for webElement...sob.transaction
2024-04-24 18:39:12 INFO  Keywords:285 - Element found...sob.transaction
2024-04-24 18:39:32 INFO  Keywords:133 - ClickOnLink is called
2024-04-24 18:39:32 INFO  Keywords:281 - Waiting for webElement...sob.search
2024-04-24 18:39:32 INFO  Keywords:285 - Element found...sob.search
2024-04-24 18:39:43 INFO  Keywords:133 - ClickOnLink is called
2024-04-24 18:39:43 INFO  Keywords:281 - Waiting for webElement...sob.selecttransaction
2024-04-24 18:39:43 INFO  Keywords:285 - Element found...sob.selecttransaction
2024-04-24 18:40:03 INFO  Keywords:133 - ClickOnLink is called
2024-04-24 18:40:03 INFO  Keywords:281 - Waiting for webElement...sob.decline
2024-04-24 18:40:03 INFO  Keywords:285 - Element found...sob.decline
2024-04-24 18:40:03 INFO  Keywords:133 - ClickOnLink is called
2024-04-24 18:40:03 INFO  Keywords:281 - Waiting for webElement...sob.OK_Approval_Decline
2024-04-24 18:41:04 INFO  Keywords:133 - ClickOnLink is called
2024-04-24 18:41:04 INFO  Keywords:281 - Waiting for webElement...sob.search
2024-04-24 18:41:04 INFO  Keywords:285 - Element found...sob.search
2024-04-24 18:41:04 INFO  Keywords:92 - Navigate is called
2024-04-24 18:41:04 INFO  Keywords:281 - Waiting for webElement...userlist.partner
2024-04-24 18:41:04 INFO  Keywords:285 - Element found...userlist.partner
2024-04-24 18:41:14 INFO  Keywords:281 - Waiting for webElement...userlist.userrole
2024-04-24 18:41:15 INFO  Keywords:285 - Element found...userlist.userrole
2024-04-24 18:41:15 INFO  Keywords:120 - InputText is called
2024-04-24 18:41:15 INFO  Keywords:281 - Waiting for webElement...userlist.loginID
2024-04-24 18:41:15 INFO  Keywords:285 - Element found...userlist.loginID
2024-04-24 18:41:15 INFO  Keywords:133 - ClickOnLink is called
2024-04-24 18:41:15 INFO  Keywords:281 - Waiting for webElement...userlist.search
2024-04-24 18:41:15 INFO  Keywords:285 - Element found...userlist.search
2024-04-24 18:41:25 INFO  Keywords:133 - ClickOnLink is called
2024-04-24 18:41:25 INFO  Keywords:281 - Waiting for webElement...userlist.selectuser
2024-04-24 18:41:25 INFO  Keywords:285 - Element found...userlist.selectuser
2024-04-24 18:41:25 INFO  Keywords:133 - ClickOnLink is called
2024-04-24 18:41:25 INFO  Keywords:281 - Waiting for webElement...userlist.login
2024-04-24 18:41:25 INFO  Keywords:285 - Element found...userlist.login
2024-04-24 18:41:36 INFO  Keywords:281 - Waiting for webElement...userinformation.initialaction
2024-04-24 18:41:36 INFO  Keywords:285 - Element found...userinformation.initialaction
2024-04-24 18:41:46 INFO  Keywords:133 - ClickOnLink is called
2024-04-24 18:41:46 INFO  Keywords:281 - Waiting for webElement...userinformation.login
2024-04-24 18:41:46 INFO  Keywords:285 - Element found...userinformation.login
2024-04-24 18:41:56 INFO  Keywords:516 - ClearText is called
2024-04-24 18:41:56 INFO  Keywords:281 - Waiting for webElement...sob.transaction
2024-04-24 18:41:56 INFO  Keywords:285 - Element found...sob.transaction
2024-04-24 18:41:56 INFO  Keywords:520 - Edit Annuity Transaction 842344
2024-04-24 18:41:56 INFO  Keywords:120 - InputText is called
2024-04-24 18:41:56 INFO  Keywords:281 - Waiting for webElement...sob.transaction
2024-04-24 18:41:56 INFO  Keywords:285 - Element found...sob.transaction
2024-04-24 18:42:16 INFO  Keywords:133 - ClickOnLink is called
2024-04-24 18:42:16 INFO  Keywords:281 - Waiting for webElement...sob.search
2024-04-24 18:42:16 INFO  Keywords:285 - Element found...sob.search
2024-04-24 18:42:37 INFO  Keywords:133 - ClickOnLink is called
2024-04-24 18:42:37 INFO  Keywords:281 - Waiting for webElement...sob.selecttransaction
2024-04-24 18:42:37 INFO  Keywords:285 - Element found...sob.selecttransaction
2024-04-24 18:42:57 INFO  Keywords:133 - ClickOnLink is called
2024-04-24 18:42:57 INFO  Keywords:281 - Waiting for webElement...sob.validate
2024-04-24 18:42:57 INFO  Keywords:285 - Element found...sob.validate
2024-04-24 18:43:17 INFO  Keywords:133 - ClickOnLink is called
2024-04-24 18:43:17 INFO  Keywords:281 - Waiting for webElement...Validated.submitTransaction
2024-04-24 18:46:08 INFO  Keywords:133 - ClickOnLink is called
2024-04-24 18:46:08 INFO  Keywords:281 - Waiting for webElement...save.close
2024-04-24 18:46:28 INFO  Keywords:92 - Navigate is called
2024-04-24 18:46:29 INFO  Keywords:281 - Waiting for webElement...userlist.partner
2024-04-24 18:46:29 INFO  Keywords:285 - Element found...userlist.partner
2024-04-24 18:46:40 INFO  Keywords:281 - Waiting for webElement...userlist.userrole
2024-04-24 18:46:40 INFO  Keywords:285 - Element found...userlist.userrole
2024-04-24 18:46:40 INFO  Keywords:120 - InputText is called
2024-04-24 18:46:40 INFO  Keywords:281 - Waiting for webElement...userlist.loginID
2024-04-24 18:46:40 INFO  Keywords:285 - Element found...userlist.loginID
2024-04-24 18:46:40 INFO  Keywords:133 - ClickOnLink is called
2024-04-24 18:46:40 INFO  Keywords:281 - Waiting for webElement...userlist.search
2024-04-24 18:46:40 INFO  Keywords:285 - Element found...userlist.search
2024-04-24 18:46:50 INFO  Keywords:133 - ClickOnLink is called
2024-04-24 18:46:50 INFO  Keywords:281 - Waiting for webElement...userlist.selectuser
2024-04-24 18:46:50 INFO  Keywords:285 - Element found...userlist.selectuser
2024-04-24 18:46:50 INFO  Keywords:133 - ClickOnLink is called
2024-04-24 18:46:50 INFO  Keywords:281 - Waiting for webElement...userlist.login
2024-04-24 18:46:50 INFO  Keywords:285 - Element found...userlist.login
2024-04-24 18:47:01 INFO  Keywords:281 - Waiting for webElement...userinformation.initialaction
2024-04-24 18:47:01 INFO  Keywords:285 - Element found...userinformation.initialaction
2024-04-24 18:47:12 INFO  Keywords:133 - ClickOnLink is called
2024-04-24 18:47:12 INFO  Keywords:281 - Waiting for webElement...userinformation.login
2024-04-24 18:47:12 INFO  Keywords:285 - Element found...userinformation.login
2024-04-24 18:47:22 INFO  Keywords:516 - ClearText is called
2024-04-24 18:47:22 INFO  Keywords:281 - Waiting for webElement...sob.transaction
2024-04-24 18:47:22 INFO  Keywords:285 - Element found...sob.transaction
2024-04-24 18:47:22 INFO  Keywords:520 - Edit Annuity Transaction 842344
2024-04-24 18:47:22 INFO  Keywords:120 - InputText is called
2024-04-24 18:47:22 INFO  Keywords:281 - Waiting for webElement...sob.transaction
2024-04-24 18:47:22 INFO  Keywords:285 - Element found...sob.transaction
2024-04-24 18:47:42 INFO  Keywords:133 - ClickOnLink is called
2024-04-24 18:47:42 INFO  Keywords:281 - Waiting for webElement...sob.search
2024-04-24 18:47:42 INFO  Keywords:285 - Element found...sob.search
2024-04-24 18:48:02 INFO  Keywords:133 - ClickOnLink is called
2024-04-24 18:48:02 INFO  Keywords:281 - Waiting for webElement...sob.selecttransaction
2024-04-24 18:48:02 INFO  Keywords:285 - Element found...sob.selecttransaction
2024-04-24 18:48:22 INFO  Keywords:133 - ClickOnLink is called
2024-04-24 18:48:22 INFO  Keywords:281 - Waiting for webElement...sob.approve
2024-04-24 18:48:22 INFO  Keywords:285 - Element found...sob.approve
2024-04-24 18:48:22 INFO  Keywords:133 - ClickOnLink is called
2024-04-24 18:48:22 INFO  Keywords:281 - Waiting for webElement...sob.OK_Approval_Decline
2024-04-24 18:48:22 INFO  Keywords:285 - Element found...sob.OK_Approval_Decline
2024-04-24 18:49:53 INFO  Keywords:133 - ClickOnLink is called
2024-04-24 18:49:53 INFO  Keywords:281 - Waiting for webElement...sob.search
2024-04-24 18:49:53 INFO  Keywords:285 - Element found...sob.search
2024-04-24 18:50:13 INFO  Keywords:133 - ClickOnLink is called
2024-04-24 18:50:13 INFO  Keywords:281 - Waiting for webElement...sob.selecttransaction
2024-04-24 18:50:13 INFO  Keywords:285 - Element found...sob.selecttransaction
2024-04-24 18:50:23 INFO  Keywords:133 - ClickOnLink is called
2024-04-24 18:50:23 INFO  Keywords:281 - Waiting for webElement...sob.approve
2024-04-24 18:50:23 INFO  Keywords:285 - Element found...sob.approve
2024-04-24 18:50:23 INFO  Keywords:133 - ClickOnLink is called
2024-04-24 18:50:23 INFO  Keywords:281 - Waiting for webElement...sob.OK_Approval_Decline
2024-04-24 18:50:23 INFO  Keywords:285 - Element found...sob.OK_Approval_Decline
2024-04-24 18:51:53 INFO  Keywords:92 - Navigate is called
2024-04-24 18:51:54 INFO  Keywords:120 - InputText is called
2024-04-24 18:51:54 INFO  Keywords:281 - Waiting for webElement...login.partnerCode
2024-04-24 18:51:54 INFO  Keywords:285 - Element found...login.partnerCode
2024-04-24 18:51:54 INFO  Keywords:516 - ClearText is called
2024-04-24 18:51:54 INFO  Keywords:281 - Waiting for webElement...login.userID
2024-04-24 18:51:54 INFO  Keywords:285 - Element found...login.userID
2024-04-24 18:51:54 INFO  Keywords:520 - Edit Annuity Transaction 842344
2024-04-24 18:51:54 INFO  Keywords:120 - InputText is called
2024-04-24 18:51:54 INFO  Keywords:281 - Waiting for webElement...login.userID
2024-04-24 18:51:54 INFO  Keywords:285 - Element found...login.userID
2024-04-24 18:51:54 INFO  Keywords:516 - ClearText is called
2024-04-24 18:51:54 INFO  Keywords:281 - Waiting for webElement...login.password1
2024-04-24 18:51:54 INFO  Keywords:285 - Element found...login.password1
2024-04-24 18:51:54 INFO  Keywords:520 - Edit Annuity Transaction 842344
2024-04-24 18:51:54 INFO  Keywords:120 - InputText is called
2024-04-24 18:51:54 INFO  Keywords:281 - Waiting for webElement...login.password1
2024-04-24 18:51:54 INFO  Keywords:285 - Element found...login.password1
2024-04-24 18:51:54 INFO  Keywords:133 - ClickOnLink is called
2024-04-24 18:51:54 INFO  Keywords:281 - Waiting for webElement...login.login1
2024-04-24 18:51:54 INFO  Keywords:285 - Element found...login.login1
2024-04-24 18:52:07 INFO  Keywords:281 - Waiting for webElement...ebixHome.management
2024-04-24 18:52:07 INFO  Keywords:285 - Element found...ebixHome.management
2024-04-24 18:52:08 INFO  Keywords:281 - Waiting for webElement...ebixHome.dashboard
2024-04-24 18:52:08 INFO  Keywords:285 - Element found...ebixHome.dashboard
2024-04-24 18:52:09 INFO  Keywords:133 - ClickOnLink is called
2024-04-24 18:52:09 INFO  Keywords:281 - Waiting for webElement...ebixHome.transactionViewer
2024-04-24 18:52:09 INFO  Keywords:285 - Element found...ebixHome.transactionViewer
2024-04-24 18:52:20 INFO  Keywords:120 - InputText is called
2024-04-24 18:52:20 INFO  Keywords:281 - Waiting for webElement...ebix.usernameAN4
2024-04-24 18:52:20 INFO  Keywords:285 - Element found...ebix.usernameAN4
2024-04-24 18:52:20 INFO  Keywords:120 - InputText is called
2024-04-24 18:52:20 INFO  Keywords:281 - Waiting for webElement...ebix.passwordAN4
2024-04-24 18:52:20 INFO  Keywords:285 - Element found...ebix.passwordAN4
2024-04-24 18:52:21 INFO  Keywords:133 - ClickOnLink is called
2024-04-24 18:52:21 INFO  Keywords:281 - Waiting for webElement...ebix.loginAN4
2024-04-24 18:52:21 INFO  Keywords:285 - Element found...ebix.loginAN4
2024-04-24 18:52:31 INFO  Keywords:120 - InputText is called
2024-04-24 18:52:31 INFO  Keywords:281 - Waiting for webElement...ebix.mgmtConsole.TransactionID
2024-04-24 18:52:31 INFO  Keywords:285 - Element found...ebix.mgmtConsole.TransactionID
2024-04-24 18:52:31 INFO  Keywords:516 - ClearText is called
2024-04-24 18:52:31 INFO  Keywords:281 - Waiting for webElement...ebix.submittedDate
2024-04-24 18:52:31 INFO  Keywords:285 - Element found...ebix.submittedDate
2024-04-24 18:52:31 INFO  Keywords:520 - Edit Annuity Transaction 842344
2024-04-24 18:52:31 INFO  Keywords:133 - ClickOnLink is called
2024-04-24 18:52:31 INFO  Keywords:281 - Waiting for webElement...ebix.search
2024-04-24 18:52:31 INFO  Keywords:285 - Element found...ebix.search
2024-04-24 18:52:41 INFO  Keywords:133 - ClickOnLink is called
2024-04-24 18:52:41 INFO  Keywords:281 - Waiting for webElement...ebix.searchOutPut
2024-04-24 18:52:41 INFO  Keywords:285 - Element found...ebix.searchOutPut
2024-04-24 18:52:41 INFO  Keywords:133 - ClickOnLink is called
2024-04-24 18:52:41 INFO  Keywords:281 - Waiting for webElement...ebix.workflow
2024-04-24 18:52:41 INFO  Keywords:285 - Element found...ebix.workflow
2024-04-24 18:52:54 INFO  Keywords:578 - WorkFlow Step Name on Dated :- 2024-04-24 is - System Processing (Create Dtcc Feed)
